<?xml version="1.0" encoding="UTF-8"?>
<testsuite xmlns:xsi="http://www.w3.org/2001/XMLSchema-instance" xsi:noNamespaceSchemaLocation="https://maven.apache.org/surefire/maven-surefire-plugin/xsd/surefire-test-report.xsd" name="com.example.demo.repository.GroupRepoTest" time="4.19" tests="3" errors="0" skipped="0" failures="0">
  <properties>
[...]
</properties>
  <testcase name="testSaveGroupTable" classname="com.example.demo.repository.GroupRepoTest" time="0.842"/>
  <testcase name="testDeleteGroupTable" classname="com.example.demo.repository.GroupRepoTest" time="0.562"/>
  <testcase name="testFindByName" classname="com.example.demo.repository.GroupRepoTest" time="0.347"/>
</testsuite>