<?xml version="1.0" encoding="UTF-8"?>
<testsuite xmlns:xsi="http://www.w3.org/2001/XMLSchema-instance" xsi:noNamespaceSchemaLocation="https://maven.apache.org/surefire/maven-surefire-plugin/xsd/surefire-test-report.xsd" name="com.example.demo.repository.PersonRepoTest" time="3.831" tests="7" errors="2" skipped="0" failures="0">
  <properties>
[...]
</properties>
  <testcase name="testFindByLastName" classname="com.example.demo.repository.PersonRepoTest" time="1.281">
    <error message="Failed to load ApplicationContext" type="java.lang.IllegalStateException">java.lang.IllegalStateException: Failed to load ApplicationContext
Caused by: java.lang.IllegalStateException: Failed to execute CommandLineRunner
Caused by: org.springframework.dao.DataIntegrityViolationException: 
could not execute statement; SQL [n/a]; constraint ["PUBLIC.UK_FWMWI44U55BO4RVWSV0CLN012_INDEX_8 ON PUBLIC.PERSON(EMAIL NULLS FIRST) VALUES ( /* 278 */ 'roderick.parisian@gmail.com' )"; SQL statement:
insert into person (id, date_of_birth, email, first_name, group_ref, last_name, password, website) values (default, ?, ?, ?, ?, ?, ?, ?) [23505-214]]; nested exception is org.hibernate.exception.ConstraintViolationException: could not execute statement
Caused by: org.hibernate.exception.ConstraintViolationException: could not execute statement
Caused by: org.h2.jdbc.JdbcSQLIntegrityConstraintViolationException: 
Unique index or primary key violation: "PUBLIC.UK_FWMWI44U55BO4RVWSV0CLN012_INDEX_8 ON PUBLIC.PERSON(EMAIL NULLS FIRST) VALUES ( /* 278 */ 'roderick.parisian@gmail.com' )"; SQL statement:
insert into person (id, date_of_birth, email, first_name, group_ref, last_name, password, website) values (default, ?, ?, ?, ?, ?, ?, ?) [23505-214]
</error>
    <system-out><![CDATA[2023-04-12 22:44:05.601  INFO 87919 --- [           main] b.t.a.o.j.DataJpaTestContextBootstrapper : Neither @ContextConfiguration nor @ContextHierarchy found for test class [com.example.demo.repository.PersonRepoTest], using SpringBootContextLoader
2023-04-12 22:44:05.601  INFO 87919 --- [           main] o.s.t.c.support.AbstractContextLoader    : Could not detect default resource locations for test class [com.example.demo.repository.PersonRepoTest]: no resource found for suffixes {-context.xml, Context.groovy}.
2023-04-12 22:44:05.601  INFO 87919 --- [           main] t.c.s.AnnotationConfigContextLoaderUtils : Could not detect default configuration classes for test class [com.example.demo.repository.PersonRepoTest]: PersonRepoTest does not declare any static, non-private, non-final, nested classes annotated with @Configuration.
2023-04-12 22:44:05.603  INFO 87919 --- [           main] .b.t.c.SpringBootTestContextBootstrapper : Found @SpringBootConfiguration com.example.demo.DemoApplication for test class com.example.demo.repository.PersonRepoTest
2023-04-12 22:44:05.604  INFO 87919 --- [           main] b.t.a.o.j.DataJpaTestContextBootstrapper : Loaded default TestExecutionListener class names from location [META-INF/spring.factories]: [org.springframework.boot.test.mock.mockito.MockitoTestExecutionListener, org.springframework.boot.test.mock.mockito.ResetMocksTestExecutionListener, org.springframework.boot.test.autoconfigure.restdocs.RestDocsTestExecutionListener, org.springframework.boot.test.autoconfigure.web.client.MockRestServiceServerResetTestExecutionListener, org.springframework.boot.test.autoconfigure.web.servlet.MockMvcPrintOnlyOnFailureTestExecutionListener, org.springframework.boot.test.autoconfigure.web.servlet.WebDriverTestExecutionListener, org.springframework.boot.test.autoconfigure.webservices.client.MockWebServiceServerTestExecutionListener, org.springframework.test.context.web.ServletTestExecutionListener, org.springframework.test.context.support.DirtiesContextBeforeModesTestExecutionListener, org.springframework.test.context.event.ApplicationEventsTestExecutionListener, org.springframework.test.context.support.DependencyInjectionTestExecutionListener, org.springframework.test.context.support.DirtiesContextTestExecutionListener, org.springframework.test.context.transaction.TransactionalTestExecutionListener, org.springframework.test.context.jdbc.SqlScriptsTestExecutionListener, org.springframework.test.context.event.EventPublishingTestExecutionListener]
2023-04-12 22:44:05.604  INFO 87919 --- [           main] b.t.a.o.j.DataJpaTestContextBootstrapper : Using TestExecutionListeners: [org.springframework.test.context.web.ServletTestExecutionListener@20d33910, org.springframework.test.context.support.DirtiesContextBeforeModesTestExecutionListener@281ad698, org.springframework.test.context.event.ApplicationEventsTestExecutionListener@7a5ca80d, org.springframework.boot.test.mock.mockito.MockitoTestExecutionListener@39a911f, org.springframework.boot.test.autoconfigure.SpringBootDependencyInjectionTestExecutionListener@3ab833c5, org.springframework.test.context.support.DirtiesContextTestExecutionListener@44e88c1c, org.springframework.test.context.transaction.TransactionalTestExecutionListener@5b6b484c, org.springframework.test.context.jdbc.SqlScriptsTestExecutionListener@cae3857, org.springframework.test.context.event.EventPublishingTestExecutionListener@7773141c, org.springframework.boot.test.mock.mockito.ResetMocksTestExecutionListener@777bfe82, org.springframework.boot.test.autoconfigure.restdocs.RestDocsTestExecutionListener@7653e109, org.springframework.boot.test.autoconfigure.web.client.MockRestServiceServerResetTestExecutionListener@bc21314, org.springframework.boot.test.autoconfigure.web.servlet.MockMvcPrintOnlyOnFailureTestExecutionListener@64fe3584, org.springframework.boot.test.autoconfigure.web.servlet.WebDriverTestExecutionListener@4c594877, org.springframework.boot.test.autoconfigure.webservices.client.MockWebServiceServerTestExecutionListener@256ba35c]
2023-04-12 22:44:05.613  INFO 87919 --- [           main] j.LocalContainerEntityManagerFactoryBean : Closing JPA EntityManagerFactory for persistence unit 'default'
2023-04-12 22:44:05.614  INFO 87919 --- [           main] .SchemaDropperImpl$DelayedDropActionImpl : HHH000477: Starting delayed evictData of schema as part of SessionFactory shut-down'
Hibernate: drop table if exists group_table CASCADE 
Hibernate: drop table if exists person CASCADE 

  .   ____          _            __ _ _
 /\\ / ___'_ __ _ _(_)_ __  __ _ \ \ \ \
( ( )\___ | '_ | '_| | '_ \/ _` | \ \ \ \
 \\/  ___)| |_)| | | | | || (_| |  ) ) ) )
  '  |____| .__|_| |_|_| |_\__, | / / / /
 =========|_|==============|___/=/_/_/_/
 :: Spring Boot ::               (v2.7.10)

2023-04-12 22:44:05.626  INFO 87919 --- [           main] c.e.demo.repository.PersonRepoTest       : Starting PersonRepoTest using Java 19.0.2 on MacBook-Air-de-Walid.local with PID 87919 (started by walidaddouche in /Users/walidaddouche/Downloads/demo 2)
2023-04-12 22:44:05.626  INFO 87919 --- [           main] c.e.demo.repository.PersonRepoTest       : No active profile set, falling back to 1 default profile: "default"
2023-04-12 22:44:05.647  INFO 87919 --- [           main] .s.d.r.c.RepositoryConfigurationDelegate : Bootstrapping Spring Data JPA repositories in DEFAULT mode.
2023-04-12 22:44:05.651  INFO 87919 --- [           main] .s.d.r.c.RepositoryConfigurationDelegate : Finished Spring Data repository scanning in 4 ms. Found 2 JPA repository interfaces.
2023-04-12 22:44:05.655  INFO 87919 --- [           main] beddedDataSourceBeanFactoryPostProcessor : Replacing 'dataSource' DataSource bean with embedded version
2023-04-12 22:44:05.663  INFO 87919 --- [           main] o.s.j.d.e.EmbeddedDatabaseFactory        : Starting embedded database: url='jdbc:h2:mem:32450327-4dcd-4eb1-998c-e76add0d839d;DB_CLOSE_DELAY=-1;DB_CLOSE_ON_EXIT=false', username='sa'
2023-04-12 22:44:05.673  INFO 87919 --- [           main] o.hibernate.jpa.internal.util.LogHelper  : HHH000204: Processing PersistenceUnitInfo [name: default]
2023-04-12 22:44:05.674  INFO 87919 --- [           main] org.hibernate.dialect.Dialect            : HHH000400: Using dialect: org.hibernate.dialect.H2Dialect
Hibernate: drop table if exists group_table CASCADE 
Hibernate: drop table if exists person CASCADE 
Hibernate: create table group_table (id bigint generated by default as identity, name varchar(255), primary key (id))
Hibernate: create table person (id bigint generated by default as identity, date_of_birth date, email varchar(255) not null, first_name varchar(255), last_name varchar(255), password varchar(255) not null, website varchar(255), group_ref bigint, primary key (id))
Hibernate: alter table person add constraint UK_fwmwi44u55bo4rvwsv0cln012 unique (email)
Hibernate: alter table person add constraint FKpcniehyk2d7hvfd403i27htix foreign key (group_ref) references group_table
2023-04-12 22:44:05.690  INFO 87919 --- [           main] o.h.e.t.j.p.i.JtaPlatformInitiator       : HHH000490: Using JtaPlatform implementation: [org.hibernate.engine.transaction.jta.platform.internal.NoJtaPlatform]
2023-04-12 22:44:05.690  INFO 87919 --- [           main] j.LocalContainerEntityManagerFactoryBean : Initialized JPA EntityManagerFactory for persistence unit 'default'
2023-04-12 22:44:05.726  INFO 87919 --- [           main] c.e.demo.repository.PersonRepoTest       : Started PersonRepoTest in 0.109 seconds (JVM running for 4.582)
Hibernate: insert into group_table (id, name) values (default, ?)
Hibernate: insert into group_table (id, name) values (default, ?)
Hibernate: insert into group_table (id, name) values (default, ?)
Hibernate: insert into group_table (id, name) values (default, ?)
Hibernate: insert into group_table (id, name) values (default, ?)
Hibernate: insert into group_table (id, name) values (default, ?)
Hibernate: insert into group_table (id, name) values (default, ?)
Hibernate: insert into group_table (id, name) values (default, ?)
Hibernate: insert into group_table (id, name) values (default, ?)
Hibernate: insert into group_table (id, name) values (default, ?)
Hibernate: insert into group_table (id, name) values (default, ?)
Hibernate: insert into group_table (id, name) values (default, ?)
Hibernate: insert into group_table (id, name) values (default, ?)
Hibernate: insert into group_table (id, name) values (default, ?)
Hibernate: insert into group_table (id, name) values (default, ?)
Hibernate: insert into group_table (id, name) values (default, ?)
Hibernate: insert into group_table (id, name) values (default, ?)
Hibernate: insert into group_table (id, name) values (default, ?)
Hibernate: insert into group_table (id, name) values (default, ?)
Hibernate: insert into group_table (id, name) values (default, ?)
Hibernate: insert into group_table (id, name) values (default, ?)
Hibernate: insert into group_table (id, name) values (default, ?)
Hibernate: insert into group_table (id, name) values (default, ?)
Hibernate: insert into group_table (id, name) values (default, ?)
Hibernate: insert into group_table (id, name) values (default, ?)
Hibernate: insert into group_table (id, name) values (default, ?)
Hibernate: insert into group_table (id, name) values (default, ?)
Hibernate: insert into group_table (id, name) values (default, ?)
Hibernate: insert into group_table (id, name) values (default, ?)
Hibernate: insert into group_table (id, name) values (default, ?)
Hibernate: insert into group_table (id, name) values (default, ?)
Hibernate: insert into group_table (id, name) values (default, ?)
Hibernate: insert into group_table (id, name) values (default, ?)
Hibernate: insert into group_table (id, name) values (default, ?)
Hibernate: insert into group_table (id, name) values (default, ?)
Hibernate: insert into group_table (id, name) values (default, ?)
Hibernate: insert into group_table (id, name) values (default, ?)
Hibernate: insert into group_table (id, name) values (default, ?)
Hibernate: insert into group_table (id, name) values (default, ?)
Hibernate: insert into group_table (id, name) values (default, ?)
Hibernate: insert into group_table (id, name) values (default, ?)
Hibernate: insert into group_table (id, name) values (default, ?)
Hibernate: insert into group_table (id, name) values (default, ?)
Hibernate: insert into group_table (id, name) values (default, ?)
Hibernate: insert into group_table (id, name) values (default, ?)
Hibernate: insert into group_table (id, name) values (default, ?)
Hibernate: insert into group_table (id, name) values (default, ?)
Hibernate: insert into group_table (id, name) values (default, ?)
Hibernate: insert into group_table (id, name) values (default, ?)
Hibernate: insert into group_table (id, name) values (default, ?)
Hibernate: insert into group_table (id, name) values (default, ?)
Hibernate: insert into group_table (id, name) values (default, ?)
Hibernate: insert into group_table (id, name) values (default, ?)
Hibernate: insert into group_table (id, name) values (default, ?)
Hibernate: insert into group_table (id, name) values (default, ?)
Hibernate: insert into group_table (id, name) values (default, ?)
Hibernate: insert into group_table (id, name) values (default, ?)
Hibernate: insert into group_table (id, name) values (default, ?)
Hibernate: insert into group_table (id, name) values (default, ?)
Hibernate: insert into group_table (id, name) values (default, ?)
Hibernate: insert into group_table (id, name) values (default, ?)
Hibernate: insert into group_table (id, name) values (default, ?)
Hibernate: insert into group_table (id, name) values (default, ?)
Hibernate: insert into group_table (id, name) values (default, ?)
Hibernate: insert into group_table (id, name) values (default, ?)
Hibernate: insert into group_table (id, name) values (default, ?)
Hibernate: insert into group_table (id, name) values (default, ?)
Hibernate: insert into group_table (id, name) values (default, ?)
Hibernate: insert into group_table (id, name) values (default, ?)
Hibernate: insert into group_table (id, name) values (default, ?)
Hibernate: insert into group_table (id, name) values (default, ?)
Hibernate: insert into group_table (id, name) values (default, ?)
Hibernate: insert into group_table (id, name) values (default, ?)
Hibernate: insert into group_table (id, name) values (default, ?)
Hibernate: insert into group_table (id, name) values (default, ?)
Hibernate: insert into group_table (id, name) values (default, ?)
Hibernate: insert into group_table (id, name) values (default, ?)
Hibernate: insert into group_table (id, name) values (default, ?)
Hibernate: insert into group_table (id, name) values (default, ?)
Hibernate: insert into group_table (id, name) values (default, ?)
Hibernate: insert into group_table (id, name) values (default, ?)
Hibernate: insert into group_table (id, name) values (default, ?)
Hibernate: insert into group_table (id, name) values (default, ?)
Hibernate: insert into group_table (id, name) values (default, ?)
Hibernate: insert into group_table (id, name) values (default, ?)
Hibernate: insert into group_table (id, name) values (default, ?)
Hibernate: insert into group_table (id, name) values (default, ?)
Hibernate: insert into group_table (id, name) values (default, ?)
Hibernate: insert into group_table (id, name) values (default, ?)
Hibernate: insert into group_table (id, name) values (default, ?)
Hibernate: insert into group_table (id, name) values (default, ?)
Hibernate: insert into group_table (id, name) values (default, ?)
Hibernate: insert into group_table (id, name) values (default, ?)
Hibernate: insert into group_table (id, name) values (default, ?)
Hibernate: insert into group_table (id, name) values (default, ?)
Hibernate: insert into group_table (id, name) values (default, ?)
Hibernate: insert into group_table (id, name) values (default, ?)
Hibernate: insert into group_table (id, name) values (default, ?)
Hibernate: insert into group_table (id, name) values (default, ?)
Hibernate: insert into group_table (id, name) values (default, ?)
Hibernate: insert into group_table (id, name) values (default, ?)
Hibernate: insert into group_table (id, name) values (default, ?)
Hibernate: insert into group_table (id, name) values (default, ?)
Hibernate: insert into group_table (id, name) values (default, ?)
Hibernate: insert into group_table (id, name) values (default, ?)
Hibernate: insert into group_table (id, name) values (default, ?)
Hibernate: insert into group_table (id, name) values (default, ?)
Hibernate: insert into group_table (id, name) values (default, ?)
Hibernate: insert into group_table (id, name) values (default, ?)
Hibernate: insert into group_table (id, name) values (default, ?)
Hibernate: insert into group_table (id, name) values (default, ?)
Hibernate: insert into group_table (id, name) values (default, ?)
Hibernate: insert into group_table (id, name) values (default, ?)
Hibernate: insert into group_table (id, name) values (default, ?)
Hibernate: insert into group_table (id, name) values (default, ?)
Hibernate: insert into group_table (id, name) values (default, ?)
Hibernate: insert into group_table (id, name) values (default, ?)
Hibernate: insert into group_table (id, name) values (default, ?)
Hibernate: insert into group_table (id, name) values (default, ?)
Hibernate: insert into group_table (id, name) values (default, ?)
Hibernate: insert into group_table (id, name) values (default, ?)
Hibernate: insert into group_table (id, name) values (default, ?)
Hibernate: insert into group_table (id, name) values (default, ?)
Hibernate: insert into group_table (id, name) values (default, ?)
Hibernate: insert into group_table (id, name) values (default, ?)
Hibernate: insert into group_table (id, name) values (default, ?)
Hibernate: insert into group_table (id, name) values (default, ?)
Hibernate: insert into group_table (id, name) values (default, ?)
Hibernate: insert into group_table (id, name) values (default, ?)
Hibernate: insert into group_table (id, name) values (default, ?)
Hibernate: insert into group_table (id, name) values (default, ?)
Hibernate: insert into group_table (id, name) values (default, ?)
Hibernate: insert into group_table (id, name) values (default, ?)
Hibernate: insert into group_table (id, name) values (default, ?)
Hibernate: insert into group_table (id, name) values (default, ?)
Hibernate: insert into group_table (id, name) values (default, ?)
Hibernate: insert into group_table (id, name) values (default, ?)
Hibernate: insert into group_table (id, name) values (default, ?)
Hibernate: insert into group_table (id, name) values (default, ?)
Hibernate: insert into group_table (id, name) values (default, ?)
Hibernate: insert into group_table (id, name) values (default, ?)
Hibernate: insert into group_table (id, name) values (default, ?)
Hibernate: insert into group_table (id, name) values (default, ?)
Hibernate: insert into group_table (id, name) values (default, ?)
Hibernate: insert into group_table (id, name) values (default, ?)
Hibernate: insert into group_table (id, name) values (default, ?)
Hibernate: insert into group_table (id, name) values (default, ?)
Hibernate: insert into group_table (id, name) values (default, ?)
Hibernate: insert into group_table (id, name) values (default, ?)
Hibernate: insert into group_table (id, name) values (default, ?)
Hibernate: insert into group_table (id, name) values (default, ?)
Hibernate: insert into group_table (id, name) values (default, ?)
Hibernate: insert into group_table (id, name) values (default, ?)
Hibernate: insert into group_table (id, name) values (default, ?)
Hibernate: insert into group_table (id, name) values (default, ?)
Hibernate: insert into group_table (id, name) values (default, ?)
Hibernate: insert into group_table (id, name) values (default, ?)
Hibernate: insert into group_table (id, name) values (default, ?)
Hibernate: insert into group_table (id, name) values (default, ?)
Hibernate: insert into group_table (id, name) values (default, ?)
Hibernate: insert into group_table (id, name) values (default, ?)
Hibernate: insert into group_table (id, name) values (default, ?)
Hibernate: insert into group_table (id, name) values (default, ?)
Hibernate: insert into group_table (id, name) values (default, ?)
Hibernate: insert into group_table (id, name) values (default, ?)
Hibernate: insert into group_table (id, name) values (default, ?)
Hibernate: insert into group_table (id, name) values (default, ?)
Hibernate: insert into group_table (id, name) values (default, ?)
Hibernate: insert into group_table (id, name) values (default, ?)
Hibernate: insert into group_table (id, name) values (default, ?)
Hibernate: insert into group_table (id, name) values (default, ?)
Hibernate: insert into group_table (id, name) values (default, ?)
Hibernate: insert into group_table (id, name) values (default, ?)
Hibernate: insert into group_table (id, name) values (default, ?)
Hibernate: insert into group_table (id, name) values (default, ?)
Hibernate: insert into group_table (id, name) values (default, ?)
Hibernate: insert into group_table (id, name) values (default, ?)
Hibernate: insert into group_table (id, name) values (default, ?)
Hibernate: insert into group_table (id, name) values (default, ?)
Hibernate: insert into group_table (id, name) values (default, ?)
Hibernate: insert into group_table (id, name) values (default, ?)
Hibernate: insert into group_table (id, name) values (default, ?)
Hibernate: insert into group_table (id, name) values (default, ?)
Hibernate: insert into group_table (id, name) values (default, ?)
Hibernate: insert into group_table (id, name) values (default, ?)
Hibernate: insert into group_table (id, name) values (default, ?)
Hibernate: insert into group_table (id, name) values (default, ?)
Hibernate: insert into group_table (id, name) values (default, ?)
Hibernate: insert into group_table (id, name) values (default, ?)
Hibernate: insert into group_table (id, name) values (default, ?)
Hibernate: insert into group_table (id, name) values (default, ?)
Hibernate: insert into group_table (id, name) values (default, ?)
Hibernate: insert into group_table (id, name) values (default, ?)
Hibernate: insert into group_table (id, name) values (default, ?)
Hibernate: insert into group_table (id, name) values (default, ?)
Hibernate: insert into group_table (id, name) values (default, ?)
Hibernate: insert into group_table (id, name) values (default, ?)
Hibernate: insert into group_table (id, name) values (default, ?)
Hibernate: insert into group_table (id, name) values (default, ?)
Hibernate: insert into group_table (id, name) values (default, ?)
Hibernate: insert into person (id, date_of_birth, email, first_name, group_ref, last_name, password, website) values (default, ?, ?, ?, ?, ?, ?, ?)
Hibernate: insert into person (id, date_of_birth, email, first_name, group_ref, last_name, password, website) values (default, ?, ?, ?, ?, ?, ?, ?)
Hibernate: insert into person (id, date_of_birth, email, first_name, group_ref, last_name, password, website) values (default, ?, ?, ?, ?, ?, ?, ?)
Hibernate: insert into person (id, date_of_birth, email, first_name, group_ref, last_name, password, website) values (default, ?, ?, ?, ?, ?, ?, ?)
Hibernate: insert into person (id, date_of_birth, email, first_name, group_ref, last_name, password, website) values (default, ?, ?, ?, ?, ?, ?, ?)
Hibernate: insert into person (id, date_of_birth, email, first_name, group_ref, last_name, password, website) values (default, ?, ?, ?, ?, ?, ?, ?)
Hibernate: insert into person (id, date_of_birth, email, first_name, group_ref, last_name, password, website) values (default, ?, ?, ?, ?, ?, ?, ?)
Hibernate: insert into person (id, date_of_birth, email, first_name, group_ref, last_name, password, website) values (default, ?, ?, ?, ?, ?, ?, ?)
Hibernate: insert into person (id, date_of_birth, email, first_name, group_ref, last_name, password, website) values (default, ?, ?, ?, ?, ?, ?, ?)
Hibernate: insert into person (id, date_of_birth, email, first_name, group_ref, last_name, password, website) values (default, ?, ?, ?, ?, ?, ?, ?)
Hibernate: insert into person (id, date_of_birth, email, first_name, group_ref, last_name, password, website) values (default, ?, ?, ?, ?, ?, ?, ?)
Hibernate: insert into person (id, date_of_birth, email, first_name, group_ref, last_name, password, website) values (default, ?, ?, ?, ?, ?, ?, ?)
Hibernate: insert into person (id, date_of_birth, email, first_name, group_ref, last_name, password, website) values (default, ?, ?, ?, ?, ?, ?, ?)
Hibernate: insert into person (id, date_of_birth, email, first_name, group_ref, last_name, password, website) values (default, ?, ?, ?, ?, ?, ?, ?)
Hibernate: insert into person (id, date_of_birth, email, first_name, group_ref, last_name, password, website) values (default, ?, ?, ?, ?, ?, ?, ?)
Hibernate: insert into person (id, date_of_birth, email, first_name, group_ref, last_name, password, website) values (default, ?, ?, ?, ?, ?, ?, ?)
Hibernate: insert into person (id, date_of_birth, email, first_name, group_ref, last_name, password, website) values (default, ?, ?, ?, ?, ?, ?, ?)
Hibernate: insert into person (id, date_of_birth, email, first_name, group_ref, last_name, password, website) values (default, ?, ?, ?, ?, ?, ?, ?)
Hibernate: insert into person (id, date_of_birth, email, first_name, group_ref, last_name, password, website) values (default, ?, ?, ?, ?, ?, ?, ?)
Hibernate: insert into person (id, date_of_birth, email, first_name, group_ref, last_name, password, website) values (default, ?, ?, ?, ?, ?, ?, ?)
Hibernate: insert into person (id, date_of_birth, email, first_name, group_ref, last_name, password, website) values (default, ?, ?, ?, ?, ?, ?, ?)
Hibernate: insert into person (id, date_of_birth, email, first_name, group_ref, last_name, password, website) values (default, ?, ?, ?, ?, ?, ?, ?)
Hibernate: insert into person (id, date_of_birth, email, first_name, group_ref, last_name, password, website) values (default, ?, ?, ?, ?, ?, ?, ?)
Hibernate: insert into person (id, date_of_birth, email, first_name, group_ref, last_name, password, website) values (default, ?, ?, ?, ?, ?, ?, ?)
Hibernate: insert into person (id, date_of_birth, email, first_name, group_ref, last_name, password, website) values (default, ?, ?, ?, ?, ?, ?, ?)
Hibernate: insert into person (id, date_of_birth, email, first_name, group_ref, last_name, password, website) values (default, ?, ?, ?, ?, ?, ?, ?)
Hibernate: insert into person (id, date_of_birth, email, first_name, group_ref, last_name, password, website) values (default, ?, ?, ?, ?, ?, ?, ?)
Hibernate: insert into person (id, date_of_birth, email, first_name, group_ref, last_name, password, website) values (default, ?, ?, ?, ?, ?, ?, ?)
Hibernate: insert into person (id, date_of_birth, email, first_name, group_ref, last_name, password, website) values (default, ?, ?, ?, ?, ?, ?, ?)
Hibernate: insert into person (id, date_of_birth, email, first_name, group_ref, last_name, password, website) values (default, ?, ?, ?, ?, ?, ?, ?)
Hibernate: insert into person (id, date_of_birth, email, first_name, group_ref, last_name, password, website) values (default, ?, ?, ?, ?, ?, ?, ?)
Hibernate: insert into person (id, date_of_birth, email, first_name, group_ref, last_name, password, website) values (default, ?, ?, ?, ?, ?, ?, ?)
Hibernate: insert into person (id, date_of_birth, email, first_name, group_ref, last_name, password, website) values (default, ?, ?, ?, ?, ?, ?, ?)
Hibernate: insert into person (id, date_of_birth, email, first_name, group_ref, last_name, password, website) values (default, ?, ?, ?, ?, ?, ?, ?)
Hibernate: insert into person (id, date_of_birth, email, first_name, group_ref, last_name, password, website) values (default, ?, ?, ?, ?, ?, ?, ?)
Hibernate: insert into person (id, date_of_birth, email, first_name, group_ref, last_name, password, website) values (default, ?, ?, ?, ?, ?, ?, ?)
Hibernate: insert into person (id, date_of_birth, email, first_name, group_ref, last_name, password, website) values (default, ?, ?, ?, ?, ?, ?, ?)
Hibernate: insert into person (id, date_of_birth, email, first_name, group_ref, last_name, password, website) values (default, ?, ?, ?, ?, ?, ?, ?)
Hibernate: insert into person (id, date_of_birth, email, first_name, group_ref, last_name, password, website) values (default, ?, ?, ?, ?, ?, ?, ?)
Hibernate: insert into person (id, date_of_birth, email, first_name, group_ref, last_name, password, website) values (default, ?, ?, ?, ?, ?, ?, ?)
Hibernate: insert into person (id, date_of_birth, email, first_name, group_ref, last_name, password, website) values (default, ?, ?, ?, ?, ?, ?, ?)
Hibernate: insert into person (id, date_of_birth, email, first_name, group_ref, last_name, password, website) values (default, ?, ?, ?, ?, ?, ?, ?)
Hibernate: insert into person (id, date_of_birth, email, first_name, group_ref, last_name, password, website) values (default, ?, ?, ?, ?, ?, ?, ?)
Hibernate: insert into person (id, date_of_birth, email, first_name, group_ref, last_name, password, website) values (default, ?, ?, ?, ?, ?, ?, ?)
Hibernate: insert into person (id, date_of_birth, email, first_name, group_ref, last_name, password, website) values (default, ?, ?, ?, ?, ?, ?, ?)
Hibernate: insert into person (id, date_of_birth, email, first_name, group_ref, last_name, password, website) values (default, ?, ?, ?, ?, ?, ?, ?)
Hibernate: insert into person (id, date_of_birth, email, first_name, group_ref, last_name, password, website) values (default, ?, ?, ?, ?, ?, ?, ?)
Hibernate: insert into person (id, date_of_birth, email, first_name, group_ref, last_name, password, website) values (default, ?, ?, ?, ?, ?, ?, ?)
Hibernate: insert into person (id, date_of_birth, email, first_name, group_ref, last_name, password, website) values (default, ?, ?, ?, ?, ?, ?, ?)
Hibernate: insert into person (id, date_of_birth, email, first_name, group_ref, last_name, password, website) values (default, ?, ?, ?, ?, ?, ?, ?)
Hibernate: insert into person (id, date_of_birth, email, first_name, group_ref, last_name, password, website) values (default, ?, ?, ?, ?, ?, ?, ?)
Hibernate: insert into person (id, date_of_birth, email, first_name, group_ref, last_name, password, website) values (default, ?, ?, ?, ?, ?, ?, ?)
Hibernate: insert into person (id, date_of_birth, email, first_name, group_ref, last_name, password, website) values (default, ?, ?, ?, ?, ?, ?, ?)
Hibernate: insert into person (id, date_of_birth, email, first_name, group_ref, last_name, password, website) values (default, ?, ?, ?, ?, ?, ?, ?)
Hibernate: insert into person (id, date_of_birth, email, first_name, group_ref, last_name, password, website) values (default, ?, ?, ?, ?, ?, ?, ?)
Hibernate: insert into person (id, date_of_birth, email, first_name, group_ref, last_name, password, website) values (default, ?, ?, ?, ?, ?, ?, ?)
Hibernate: insert into person (id, date_of_birth, email, first_name, group_ref, last_name, password, website) values (default, ?, ?, ?, ?, ?, ?, ?)
Hibernate: insert into person (id, date_of_birth, email, first_name, group_ref, last_name, password, website) values (default, ?, ?, ?, ?, ?, ?, ?)
Hibernate: insert into person (id, date_of_birth, email, first_name, group_ref, last_name, password, website) values (default, ?, ?, ?, ?, ?, ?, ?)
Hibernate: insert into person (id, date_of_birth, email, first_name, group_ref, last_name, password, website) values (default, ?, ?, ?, ?, ?, ?, ?)
Hibernate: insert into person (id, date_of_birth, email, first_name, group_ref, last_name, password, website) values (default, ?, ?, ?, ?, ?, ?, ?)
Hibernate: insert into person (id, date_of_birth, email, first_name, group_ref, last_name, password, website) values (default, ?, ?, ?, ?, ?, ?, ?)
Hibernate: insert into person (id, date_of_birth, email, first_name, group_ref, last_name, password, website) values (default, ?, ?, ?, ?, ?, ?, ?)
Hibernate: insert into person (id, date_of_birth, email, first_name, group_ref, last_name, password, website) values (default, ?, ?, ?, ?, ?, ?, ?)
Hibernate: insert into person (id, date_of_birth, email, first_name, group_ref, last_name, password, website) values (default, ?, ?, ?, ?, ?, ?, ?)
Hibernate: insert into person (id, date_of_birth, email, first_name, group_ref, last_name, password, website) values (default, ?, ?, ?, ?, ?, ?, ?)
Hibernate: insert into person (id, date_of_birth, email, first_name, group_ref, last_name, password, website) values (default, ?, ?, ?, ?, ?, ?, ?)
Hibernate: insert into person (id, date_of_birth, email, first_name, group_ref, last_name, password, website) values (default, ?, ?, ?, ?, ?, ?, ?)
Hibernate: insert into person (id, date_of_birth, email, first_name, group_ref, last_name, password, website) values (default, ?, ?, ?, ?, ?, ?, ?)
Hibernate: insert into person (id, date_of_birth, email, first_name, group_ref, last_name, password, website) values (default, ?, ?, ?, ?, ?, ?, ?)
Hibernate: insert into person (id, date_of_birth, email, first_name, group_ref, last_name, password, website) values (default, ?, ?, ?, ?, ?, ?, ?)
Hibernate: insert into person (id, date_of_birth, email, first_name, group_ref, last_name, password, website) values (default, ?, ?, ?, ?, ?, ?, ?)
Hibernate: insert into person (id, date_of_birth, email, first_name, group_ref, last_name, password, website) values (default, ?, ?, ?, ?, ?, ?, ?)
Hibernate: insert into person (id, date_of_birth, email, first_name, group_ref, last_name, password, website) values (default, ?, ?, ?, ?, ?, ?, ?)
Hibernate: insert into person (id, date_of_birth, email, first_name, group_ref, last_name, password, website) values (default, ?, ?, ?, ?, ?, ?, ?)
Hibernate: insert into person (id, date_of_birth, email, first_name, group_ref, last_name, password, website) values (default, ?, ?, ?, ?, ?, ?, ?)
Hibernate: insert into person (id, date_of_birth, email, first_name, group_ref, last_name, password, website) values (default, ?, ?, ?, ?, ?, ?, ?)
Hibernate: insert into person (id, date_of_birth, email, first_name, group_ref, last_name, password, website) values (default, ?, ?, ?, ?, ?, ?, ?)
Hibernate: insert into person (id, date_of_birth, email, first_name, group_ref, last_name, password, website) values (default, ?, ?, ?, ?, ?, ?, ?)
Hibernate: insert into person (id, date_of_birth, email, first_name, group_ref, last_name, password, website) values (default, ?, ?, ?, ?, ?, ?, ?)
Hibernate: insert into person (id, date_of_birth, email, first_name, group_ref, last_name, password, website) values (default, ?, ?, ?, ?, ?, ?, ?)
Hibernate: insert into person (id, date_of_birth, email, first_name, group_ref, last_name, password, website) values (default, ?, ?, ?, ?, ?, ?, ?)
Hibernate: insert into person (id, date_of_birth, email, first_name, group_ref, last_name, password, website) values (default, ?, ?, ?, ?, ?, ?, ?)
Hibernate: insert into person (id, date_of_birth, email, first_name, group_ref, last_name, password, website) values (default, ?, ?, ?, ?, ?, ?, ?)
Hibernate: insert into person (id, date_of_birth, email, first_name, group_ref, last_name, password, website) values (default, ?, ?, ?, ?, ?, ?, ?)
Hibernate: insert into person (id, date_of_birth, email, first_name, group_ref, last_name, password, website) values (default, ?, ?, ?, ?, ?, ?, ?)
Hibernate: insert into person (id, date_of_birth, email, first_name, group_ref, last_name, password, website) values (default, ?, ?, ?, ?, ?, ?, ?)
Hibernate: insert into person (id, date_of_birth, email, first_name, group_ref, last_name, password, website) values (default, ?, ?, ?, ?, ?, ?, ?)
Hibernate: insert into person (id, date_of_birth, email, first_name, group_ref, last_name, password, website) values (default, ?, ?, ?, ?, ?, ?, ?)
Hibernate: insert into person (id, date_of_birth, email, first_name, group_ref, last_name, password, website) values (default, ?, ?, ?, ?, ?, ?, ?)
Hibernate: insert into person (id, date_of_birth, email, first_name, group_ref, last_name, password, website) values (default, ?, ?, ?, ?, ?, ?, ?)
Hibernate: insert into person (id, date_of_birth, email, first_name, group_ref, last_name, password, website) values (default, ?, ?, ?, ?, ?, ?, ?)
Hibernate: insert into person (id, date_of_birth, email, first_name, group_ref, last_name, password, website) values (default, ?, ?, ?, ?, ?, ?, ?)
Hibernate: insert into person (id, date_of_birth, email, first_name, group_ref, last_name, password, website) values (default, ?, ?, ?, ?, ?, ?, ?)
Hibernate: insert into person (id, date_of_birth, email, first_name, group_ref, last_name, password, website) values (default, ?, ?, ?, ?, ?, ?, ?)
Hibernate: insert into person (id, date_of_birth, email, first_name, group_ref, last_name, password, website) values (default, ?, ?, ?, ?, ?, ?, ?)
Hibernate: insert into person (id, date_of_birth, email, first_name, group_ref, last_name, password, website) values (default, ?, ?, ?, ?, ?, ?, ?)
Hibernate: insert into person (id, date_of_birth, email, first_name, group_ref, last_name, password, website) values (default, ?, ?, ?, ?, ?, ?, ?)
Hibernate: insert into person (id, date_of_birth, email, first_name, group_ref, last_name, password, website) values (default, ?, ?, ?, ?, ?, ?, ?)
Hibernate: insert into person (id, date_of_birth, email, first_name, group_ref, last_name, password, website) values (default, ?, ?, ?, ?, ?, ?, ?)
Hibernate: insert into person (id, date_of_birth, email, first_name, group_ref, last_name, password, website) values (default, ?, ?, ?, ?, ?, ?, ?)
Hibernate: insert into person (id, date_of_birth, email, first_name, group_ref, last_name, password, website) values (default, ?, ?, ?, ?, ?, ?, ?)
Hibernate: insert into person (id, date_of_birth, email, first_name, group_ref, last_name, password, website) values (default, ?, ?, ?, ?, ?, ?, ?)
Hibernate: insert into person (id, date_of_birth, email, first_name, group_ref, last_name, password, website) values (default, ?, ?, ?, ?, ?, ?, ?)
Hibernate: insert into person (id, date_of_birth, email, first_name, group_ref, last_name, password, website) values (default, ?, ?, ?, ?, ?, ?, ?)
Hibernate: insert into person (id, date_of_birth, email, first_name, group_ref, last_name, password, website) values (default, ?, ?, ?, ?, ?, ?, ?)
Hibernate: insert into person (id, date_of_birth, email, first_name, group_ref, last_name, password, website) values (default, ?, ?, ?, ?, ?, ?, ?)
Hibernate: insert into person (id, date_of_birth, email, first_name, group_ref, last_name, password, website) values (default, ?, ?, ?, ?, ?, ?, ?)
Hibernate: insert into person (id, date_of_birth, email, first_name, group_ref, last_name, password, website) values (default, ?, ?, ?, ?, ?, ?, ?)
Hibernate: insert into person (id, date_of_birth, email, first_name, group_ref, last_name, password, website) values (default, ?, ?, ?, ?, ?, ?, ?)
Hibernate: insert into person (id, date_of_birth, email, first_name, group_ref, last_name, password, website) values (default, ?, ?, ?, ?, ?, ?, ?)
Hibernate: insert into person (id, date_of_birth, email, first_name, group_ref, last_name, password, website) values (default, ?, ?, ?, ?, ?, ?, ?)
Hibernate: insert into person (id, date_of_birth, email, first_name, group_ref, last_name, password, website) values (default, ?, ?, ?, ?, ?, ?, ?)
Hibernate: insert into person (id, date_of_birth, email, first_name, group_ref, last_name, password, website) values (default, ?, ?, ?, ?, ?, ?, ?)
Hibernate: insert into person (id, date_of_birth, email, first_name, group_ref, last_name, password, website) values (default, ?, ?, ?, ?, ?, ?, ?)
Hibernate: insert into person (id, date_of_birth, email, first_name, group_ref, last_name, password, website) values (default, ?, ?, ?, ?, ?, ?, ?)
Hibernate: insert into person (id, date_of_birth, email, first_name, group_ref, last_name, password, website) values (default, ?, ?, ?, ?, ?, ?, ?)
Hibernate: insert into person (id, date_of_birth, email, first_name, group_ref, last_name, password, website) values (default, ?, ?, ?, ?, ?, ?, ?)
Hibernate: insert into person (id, date_of_birth, email, first_name, group_ref, last_name, password, website) values (default, ?, ?, ?, ?, ?, ?, ?)
Hibernate: insert into person (id, date_of_birth, email, first_name, group_ref, last_name, password, website) values (default, ?, ?, ?, ?, ?, ?, ?)
Hibernate: insert into person (id, date_of_birth, email, first_name, group_ref, last_name, password, website) values (default, ?, ?, ?, ?, ?, ?, ?)
Hibernate: insert into person (id, date_of_birth, email, first_name, group_ref, last_name, password, website) values (default, ?, ?, ?, ?, ?, ?, ?)
Hibernate: insert into person (id, date_of_birth, email, first_name, group_ref, last_name, password, website) values (default, ?, ?, ?, ?, ?, ?, ?)
Hibernate: insert into person (id, date_of_birth, email, first_name, group_ref, last_name, password, website) values (default, ?, ?, ?, ?, ?, ?, ?)
Hibernate: insert into person (id, date_of_birth, email, first_name, group_ref, last_name, password, website) values (default, ?, ?, ?, ?, ?, ?, ?)
Hibernate: insert into person (id, date_of_birth, email, first_name, group_ref, last_name, password, website) values (default, ?, ?, ?, ?, ?, ?, ?)
Hibernate: insert into person (id, date_of_birth, email, first_name, group_ref, last_name, password, website) values (default, ?, ?, ?, ?, ?, ?, ?)
Hibernate: insert into person (id, date_of_birth, email, first_name, group_ref, last_name, password, website) values (default, ?, ?, ?, ?, ?, ?, ?)
Hibernate: insert into person (id, date_of_birth, email, first_name, group_ref, last_name, password, website) values (default, ?, ?, ?, ?, ?, ?, ?)
Hibernate: insert into person (id, date_of_birth, email, first_name, group_ref, last_name, password, website) values (default, ?, ?, ?, ?, ?, ?, ?)
Hibernate: insert into person (id, date_of_birth, email, first_name, group_ref, last_name, password, website) values (default, ?, ?, ?, ?, ?, ?, ?)
Hibernate: insert into person (id, date_of_birth, email, first_name, group_ref, last_name, password, website) values (default, ?, ?, ?, ?, ?, ?, ?)
Hibernate: insert into person (id, date_of_birth, email, first_name, group_ref, last_name, password, website) values (default, ?, ?, ?, ?, ?, ?, ?)
Hibernate: insert into person (id, date_of_birth, email, first_name, group_ref, last_name, password, website) values (default, ?, ?, ?, ?, ?, ?, ?)
Hibernate: insert into person (id, date_of_birth, email, first_name, group_ref, last_name, password, website) values (default, ?, ?, ?, ?, ?, ?, ?)
Hibernate: insert into person (id, date_of_birth, email, first_name, group_ref, last_name, password, website) values (default, ?, ?, ?, ?, ?, ?, ?)
Hibernate: insert into person (id, date_of_birth, email, first_name, group_ref, last_name, password, website) values (default, ?, ?, ?, ?, ?, ?, ?)
Hibernate: insert into person (id, date_of_birth, email, first_name, group_ref, last_name, password, website) values (default, ?, ?, ?, ?, ?, ?, ?)
Hibernate: insert into person (id, date_of_birth, email, first_name, group_ref, last_name, password, website) values (default, ?, ?, ?, ?, ?, ?, ?)
Hibernate: insert into person (id, date_of_birth, email, first_name, group_ref, last_name, password, website) values (default, ?, ?, ?, ?, ?, ?, ?)
Hibernate: insert into person (id, date_of_birth, email, first_name, group_ref, last_name, password, website) values (default, ?, ?, ?, ?, ?, ?, ?)
Hibernate: insert into person (id, date_of_birth, email, first_name, group_ref, last_name, password, website) values (default, ?, ?, ?, ?, ?, ?, ?)
Hibernate: insert into person (id, date_of_birth, email, first_name, group_ref, last_name, password, website) values (default, ?, ?, ?, ?, ?, ?, ?)
Hibernate: insert into person (id, date_of_birth, email, first_name, group_ref, last_name, password, website) values (default, ?, ?, ?, ?, ?, ?, ?)
Hibernate: insert into person (id, date_of_birth, email, first_name, group_ref, last_name, password, website) values (default, ?, ?, ?, ?, ?, ?, ?)
Hibernate: insert into person (id, date_of_birth, email, first_name, group_ref, last_name, password, website) values (default, ?, ?, ?, ?, ?, ?, ?)
Hibernate: insert into person (id, date_of_birth, email, first_name, group_ref, last_name, password, website) values (default, ?, ?, ?, ?, ?, ?, ?)
Hibernate: insert into person (id, date_of_birth, email, first_name, group_ref, last_name, password, website) values (default, ?, ?, ?, ?, ?, ?, ?)
Hibernate: insert into person (id, date_of_birth, email, first_name, group_ref, last_name, password, website) values (default, ?, ?, ?, ?, ?, ?, ?)
Hibernate: insert into person (id, date_of_birth, email, first_name, group_ref, last_name, password, website) values (default, ?, ?, ?, ?, ?, ?, ?)
Hibernate: insert into person (id, date_of_birth, email, first_name, group_ref, last_name, password, website) values (default, ?, ?, ?, ?, ?, ?, ?)
Hibernate: insert into person (id, date_of_birth, email, first_name, group_ref, last_name, password, website) values (default, ?, ?, ?, ?, ?, ?, ?)
Hibernate: insert into person (id, date_of_birth, email, first_name, group_ref, last_name, password, website) values (default, ?, ?, ?, ?, ?, ?, ?)
Hibernate: insert into person (id, date_of_birth, email, first_name, group_ref, last_name, password, website) values (default, ?, ?, ?, ?, ?, ?, ?)
Hibernate: insert into person (id, date_of_birth, email, first_name, group_ref, last_name, password, website) values (default, ?, ?, ?, ?, ?, ?, ?)
Hibernate: insert into person (id, date_of_birth, email, first_name, group_ref, last_name, password, website) values (default, ?, ?, ?, ?, ?, ?, ?)
Hibernate: insert into person (id, date_of_birth, email, first_name, group_ref, last_name, password, website) values (default, ?, ?, ?, ?, ?, ?, ?)
Hibernate: insert into person (id, date_of_birth, email, first_name, group_ref, last_name, password, website) values (default, ?, ?, ?, ?, ?, ?, ?)
Hibernate: insert into person (id, date_of_birth, email, first_name, group_ref, last_name, password, website) values (default, ?, ?, ?, ?, ?, ?, ?)
Hibernate: insert into person (id, date_of_birth, email, first_name, group_ref, last_name, password, website) values (default, ?, ?, ?, ?, ?, ?, ?)
Hibernate: insert into person (id, date_of_birth, email, first_name, group_ref, last_name, password, website) values (default, ?, ?, ?, ?, ?, ?, ?)
Hibernate: insert into person (id, date_of_birth, email, first_name, group_ref, last_name, password, website) values (default, ?, ?, ?, ?, ?, ?, ?)
Hibernate: insert into person (id, date_of_birth, email, first_name, group_ref, last_name, password, website) values (default, ?, ?, ?, ?, ?, ?, ?)
Hibernate: insert into person (id, date_of_birth, email, first_name, group_ref, last_name, password, website) values (default, ?, ?, ?, ?, ?, ?, ?)
Hibernate: insert into person (id, date_of_birth, email, first_name, group_ref, last_name, password, website) values (default, ?, ?, ?, ?, ?, ?, ?)
Hibernate: insert into person (id, date_of_birth, email, first_name, group_ref, last_name, password, website) values (default, ?, ?, ?, ?, ?, ?, ?)
Hibernate: insert into person (id, date_of_birth, email, first_name, group_ref, last_name, password, website) values (default, ?, ?, ?, ?, ?, ?, ?)
Hibernate: insert into person (id, date_of_birth, email, first_name, group_ref, last_name, password, website) values (default, ?, ?, ?, ?, ?, ?, ?)
Hibernate: insert into person (id, date_of_birth, email, first_name, group_ref, last_name, password, website) values (default, ?, ?, ?, ?, ?, ?, ?)
Hibernate: insert into person (id, date_of_birth, email, first_name, group_ref, last_name, password, website) values (default, ?, ?, ?, ?, ?, ?, ?)
Hibernate: insert into person (id, date_of_birth, email, first_name, group_ref, last_name, password, website) values (default, ?, ?, ?, ?, ?, ?, ?)
Hibernate: insert into person (id, date_of_birth, email, first_name, group_ref, last_name, password, website) values (default, ?, ?, ?, ?, ?, ?, ?)
Hibernate: insert into person (id, date_of_birth, email, first_name, group_ref, last_name, password, website) values (default, ?, ?, ?, ?, ?, ?, ?)
Hibernate: insert into person (id, date_of_birth, email, first_name, group_ref, last_name, password, website) values (default, ?, ?, ?, ?, ?, ?, ?)
Hibernate: insert into person (id, date_of_birth, email, first_name, group_ref, last_name, password, website) values (default, ?, ?, ?, ?, ?, ?, ?)
Hibernate: insert into person (id, date_of_birth, email, first_name, group_ref, last_name, password, website) values (default, ?, ?, ?, ?, ?, ?, ?)
Hibernate: insert into person (id, date_of_birth, email, first_name, group_ref, last_name, password, website) values (default, ?, ?, ?, ?, ?, ?, ?)
Hibernate: insert into person (id, date_of_birth, email, first_name, group_ref, last_name, password, website) values (default, ?, ?, ?, ?, ?, ?, ?)
Hibernate: insert into person (id, date_of_birth, email, first_name, group_ref, last_name, password, website) values (default, ?, ?, ?, ?, ?, ?, ?)
Hibernate: insert into person (id, date_of_birth, email, first_name, group_ref, last_name, password, website) values (default, ?, ?, ?, ?, ?, ?, ?)
Hibernate: insert into person (id, date_of_birth, email, first_name, group_ref, last_name, password, website) values (default, ?, ?, ?, ?, ?, ?, ?)
Hibernate: insert into person (id, date_of_birth, email, first_name, group_ref, last_name, password, website) values (default, ?, ?, ?, ?, ?, ?, ?)
Hibernate: insert into person (id, date_of_birth, email, first_name, group_ref, last_name, password, website) values (default, ?, ?, ?, ?, ?, ?, ?)
Hibernate: insert into person (id, date_of_birth, email, first_name, group_ref, last_name, password, website) values (default, ?, ?, ?, ?, ?, ?, ?)
Hibernate: insert into person (id, date_of_birth, email, first_name, group_ref, last_name, password, website) values (default, ?, ?, ?, ?, ?, ?, ?)
Hibernate: insert into person (id, date_of_birth, email, first_name, group_ref, last_name, password, website) values (default, ?, ?, ?, ?, ?, ?, ?)
Hibernate: insert into person (id, date_of_birth, email, first_name, group_ref, last_name, password, website) values (default, ?, ?, ?, ?, ?, ?, ?)
Hibernate: insert into person (id, date_of_birth, email, first_name, group_ref, last_name, password, website) values (default, ?, ?, ?, ?, ?, ?, ?)
Hibernate: insert into person (id, date_of_birth, email, first_name, group_ref, last_name, password, website) values (default, ?, ?, ?, ?, ?, ?, ?)
Hibernate: insert into person (id, date_of_birth, email, first_name, group_ref, last_name, password, website) values (default, ?, ?, ?, ?, ?, ?, ?)
Hibernate: insert into person (id, date_of_birth, email, first_name, group_ref, last_name, password, website) values (default, ?, ?, ?, ?, ?, ?, ?)
Hibernate: insert into person (id, date_of_birth, email, first_name, group_ref, last_name, password, website) values (default, ?, ?, ?, ?, ?, ?, ?)
Hibernate: insert into person (id, date_of_birth, email, first_name, group_ref, last_name, password, website) values (default, ?, ?, ?, ?, ?, ?, ?)
Hibernate: insert into person (id, date_of_birth, email, first_name, group_ref, last_name, password, website) values (default, ?, ?, ?, ?, ?, ?, ?)
Hibernate: insert into person (id, date_of_birth, email, first_name, group_ref, last_name, password, website) values (default, ?, ?, ?, ?, ?, ?, ?)
Hibernate: insert into person (id, date_of_birth, email, first_name, group_ref, last_name, password, website) values (default, ?, ?, ?, ?, ?, ?, ?)
Hibernate: insert into person (id, date_of_birth, email, first_name, group_ref, last_name, password, website) values (default, ?, ?, ?, ?, ?, ?, ?)
Hibernate: insert into person (id, date_of_birth, email, first_name, group_ref, last_name, password, website) values (default, ?, ?, ?, ?, ?, ?, ?)
Hibernate: insert into person (id, date_of_birth, email, first_name, group_ref, last_name, password, website) values (default, ?, ?, ?, ?, ?, ?, ?)
Hibernate: insert into person (id, date_of_birth, email, first_name, group_ref, last_name, password, website) values (default, ?, ?, ?, ?, ?, ?, ?)
Hibernate: insert into person (id, date_of_birth, email, first_name, group_ref, last_name, password, website) values (default, ?, ?, ?, ?, ?, ?, ?)
Hibernate: insert into person (id, date_of_birth, email, first_name, group_ref, last_name, password, website) values (default, ?, ?, ?, ?, ?, ?, ?)
Hibernate: insert into person (id, date_of_birth, email, first_name, group_ref, last_name, password, website) values (default, ?, ?, ?, ?, ?, ?, ?)
Hibernate: insert into person (id, date_of_birth, email, first_name, group_ref, last_name, password, website) values (default, ?, ?, ?, ?, ?, ?, ?)
Hibernate: insert into person (id, date_of_birth, email, first_name, group_ref, last_name, password, website) values (default, ?, ?, ?, ?, ?, ?, ?)
Hibernate: insert into person (id, date_of_birth, email, first_name, group_ref, last_name, password, website) values (default, ?, ?, ?, ?, ?, ?, ?)
Hibernate: insert into person (id, date_of_birth, email, first_name, group_ref, last_name, password, website) values (default, ?, ?, ?, ?, ?, ?, ?)
Hibernate: insert into person (id, date_of_birth, email, first_name, group_ref, last_name, password, website) values (default, ?, ?, ?, ?, ?, ?, ?)
Hibernate: insert into person (id, date_of_birth, email, first_name, group_ref, last_name, password, website) values (default, ?, ?, ?, ?, ?, ?, ?)
Hibernate: insert into person (id, date_of_birth, email, first_name, group_ref, last_name, password, website) values (default, ?, ?, ?, ?, ?, ?, ?)
Hibernate: insert into person (id, date_of_birth, email, first_name, group_ref, last_name, password, website) values (default, ?, ?, ?, ?, ?, ?, ?)
Hibernate: insert into person (id, date_of_birth, email, first_name, group_ref, last_name, password, website) values (default, ?, ?, ?, ?, ?, ?, ?)
Hibernate: insert into person (id, date_of_birth, email, first_name, group_ref, last_name, password, website) values (default, ?, ?, ?, ?, ?, ?, ?)
Hibernate: insert into person (id, date_of_birth, email, first_name, group_ref, last_name, password, website) values (default, ?, ?, ?, ?, ?, ?, ?)
Hibernate: insert into person (id, date_of_birth, email, first_name, group_ref, last_name, password, website) values (default, ?, ?, ?, ?, ?, ?, ?)
Hibernate: insert into person (id, date_of_birth, email, first_name, group_ref, last_name, password, website) values (default, ?, ?, ?, ?, ?, ?, ?)
Hibernate: insert into person (id, date_of_birth, email, first_name, group_ref, last_name, password, website) values (default, ?, ?, ?, ?, ?, ?, ?)
Hibernate: insert into person (id, date_of_birth, email, first_name, group_ref, last_name, password, website) values (default, ?, ?, ?, ?, ?, ?, ?)
Hibernate: insert into person (id, date_of_birth, email, first_name, group_ref, last_name, password, website) values (default, ?, ?, ?, ?, ?, ?, ?)
Hibernate: insert into person (id, date_of_birth, email, first_name, group_ref, last_name, password, website) values (default, ?, ?, ?, ?, ?, ?, ?)
Hibernate: insert into person (id, date_of_birth, email, first_name, group_ref, last_name, password, website) values (default, ?, ?, ?, ?, ?, ?, ?)
Hibernate: insert into person (id, date_of_birth, email, first_name, group_ref, last_name, password, website) values (default, ?, ?, ?, ?, ?, ?, ?)
Hibernate: insert into person (id, date_of_birth, email, first_name, group_ref, last_name, password, website) values (default, ?, ?, ?, ?, ?, ?, ?)
Hibernate: insert into person (id, date_of_birth, email, first_name, group_ref, last_name, password, website) values (default, ?, ?, ?, ?, ?, ?, ?)
Hibernate: insert into person (id, date_of_birth, email, first_name, group_ref, last_name, password, website) values (default, ?, ?, ?, ?, ?, ?, ?)
Hibernate: insert into person (id, date_of_birth, email, first_name, group_ref, last_name, password, website) values (default, ?, ?, ?, ?, ?, ?, ?)
Hibernate: insert into person (id, date_of_birth, email, first_name, group_ref, last_name, password, website) values (default, ?, ?, ?, ?, ?, ?, ?)
Hibernate: insert into person (id, date_of_birth, email, first_name, group_ref, last_name, password, website) values (default, ?, ?, ?, ?, ?, ?, ?)
Hibernate: insert into person (id, date_of_birth, email, first_name, group_ref, last_name, password, website) values (default, ?, ?, ?, ?, ?, ?, ?)
Hibernate: insert into person (id, date_of_birth, email, first_name, group_ref, last_name, password, website) values (default, ?, ?, ?, ?, ?, ?, ?)
Hibernate: insert into person (id, date_of_birth, email, first_name, group_ref, last_name, password, website) values (default, ?, ?, ?, ?, ?, ?, ?)
Hibernate: insert into person (id, date_of_birth, email, first_name, group_ref, last_name, password, website) values (default, ?, ?, ?, ?, ?, ?, ?)
Hibernate: insert into person (id, date_of_birth, email, first_name, group_ref, last_name, password, website) values (default, ?, ?, ?, ?, ?, ?, ?)
Hibernate: insert into person (id, date_of_birth, email, first_name, group_ref, last_name, password, website) values (default, ?, ?, ?, ?, ?, ?, ?)
Hibernate: insert into person (id, date_of_birth, email, first_name, group_ref, last_name, password, website) values (default, ?, ?, ?, ?, ?, ?, ?)
Hibernate: insert into person (id, date_of_birth, email, first_name, group_ref, last_name, password, website) values (default, ?, ?, ?, ?, ?, ?, ?)
Hibernate: insert into person (id, date_of_birth, email, first_name, group_ref, last_name, password, website) values (default, ?, ?, ?, ?, ?, ?, ?)
Hibernate: insert into person (id, date_of_birth, email, first_name, group_ref, last_name, password, website) values (default, ?, ?, ?, ?, ?, ?, ?)
Hibernate: insert into person (id, date_of_birth, email, first_name, group_ref, last_name, password, website) values (default, ?, ?, ?, ?, ?, ?, ?)
Hibernate: insert into person (id, date_of_birth, email, first_name, group_ref, last_name, password, website) values (default, ?, ?, ?, ?, ?, ?, ?)
Hibernate: insert into person (id, date_of_birth, email, first_name, group_ref, last_name, password, website) values (default, ?, ?, ?, ?, ?, ?, ?)
Hibernate: insert into person (id, date_of_birth, email, first_name, group_ref, last_name, password, website) values (default, ?, ?, ?, ?, ?, ?, ?)
Hibernate: insert into person (id, date_of_birth, email, first_name, group_ref, last_name, password, website) values (default, ?, ?, ?, ?, ?, ?, ?)
Hibernate: insert into person (id, date_of_birth, email, first_name, group_ref, last_name, password, website) values (default, ?, ?, ?, ?, ?, ?, ?)
Hibernate: insert into person (id, date_of_birth, email, first_name, group_ref, last_name, password, website) values (default, ?, ?, ?, ?, ?, ?, ?)
Hibernate: insert into person (id, date_of_birth, email, first_name, group_ref, last_name, password, website) values (default, ?, ?, ?, ?, ?, ?, ?)
Hibernate: insert into person (id, date_of_birth, email, first_name, group_ref, last_name, password, website) values (default, ?, ?, ?, ?, ?, ?, ?)
Hibernate: insert into person (id, date_of_birth, email, first_name, group_ref, last_name, password, website) values (default, ?, ?, ?, ?, ?, ?, ?)
Hibernate: insert into person (id, date_of_birth, email, first_name, group_ref, last_name, password, website) values (default, ?, ?, ?, ?, ?, ?, ?)
Hibernate: insert into person (id, date_of_birth, email, first_name, group_ref, last_name, password, website) values (default, ?, ?, ?, ?, ?, ?, ?)
Hibernate: insert into person (id, date_of_birth, email, first_name, group_ref, last_name, password, website) values (default, ?, ?, ?, ?, ?, ?, ?)
Hibernate: insert into person (id, date_of_birth, email, first_name, group_ref, last_name, password, website) values (default, ?, ?, ?, ?, ?, ?, ?)
Hibernate: insert into person (id, date_of_birth, email, first_name, group_ref, last_name, password, website) values (default, ?, ?, ?, ?, ?, ?, ?)
Hibernate: insert into person (id, date_of_birth, email, first_name, group_ref, last_name, password, website) values (default, ?, ?, ?, ?, ?, ?, ?)
Hibernate: insert into person (id, date_of_birth, email, first_name, group_ref, last_name, password, website) values (default, ?, ?, ?, ?, ?, ?, ?)
Hibernate: insert into person (id, date_of_birth, email, first_name, group_ref, last_name, password, website) values (default, ?, ?, ?, ?, ?, ?, ?)
Hibernate: insert into person (id, date_of_birth, email, first_name, group_ref, last_name, password, website) values (default, ?, ?, ?, ?, ?, ?, ?)
Hibernate: insert into person (id, date_of_birth, email, first_name, group_ref, last_name, password, website) values (default, ?, ?, ?, ?, ?, ?, ?)
Hibernate: insert into person (id, date_of_birth, email, first_name, group_ref, last_name, password, website) values (default, ?, ?, ?, ?, ?, ?, ?)
Hibernate: insert into person (id, date_of_birth, email, first_name, group_ref, last_name, password, website) values (default, ?, ?, ?, ?, ?, ?, ?)
Hibernate: insert into person (id, date_of_birth, email, first_name, group_ref, last_name, password, website) values (default, ?, ?, ?, ?, ?, ?, ?)
Hibernate: insert into person (id, date_of_birth, email, first_name, group_ref, last_name, password, website) values (default, ?, ?, ?, ?, ?, ?, ?)
Hibernate: insert into person (id, date_of_birth, email, first_name, group_ref, last_name, password, website) values (default, ?, ?, ?, ?, ?, ?, ?)
Hibernate: insert into person (id, date_of_birth, email, first_name, group_ref, last_name, password, website) values (default, ?, ?, ?, ?, ?, ?, ?)
Hibernate: insert into person (id, date_of_birth, email, first_name, group_ref, last_name, password, website) values (default, ?, ?, ?, ?, ?, ?, ?)
Hibernate: insert into person (id, date_of_birth, email, first_name, group_ref, last_name, password, website) values (default, ?, ?, ?, ?, ?, ?, ?)
Hibernate: insert into person (id, date_of_birth, email, first_name, group_ref, last_name, password, website) values (default, ?, ?, ?, ?, ?, ?, ?)
Hibernate: insert into person (id, date_of_birth, email, first_name, group_ref, last_name, password, website) values (default, ?, ?, ?, ?, ?, ?, ?)
Hibernate: insert into person (id, date_of_birth, email, first_name, group_ref, last_name, password, website) values (default, ?, ?, ?, ?, ?, ?, ?)
Hibernate: insert into person (id, date_of_birth, email, first_name, group_ref, last_name, password, website) values (default, ?, ?, ?, ?, ?, ?, ?)
Hibernate: insert into person (id, date_of_birth, email, first_name, group_ref, last_name, password, website) values (default, ?, ?, ?, ?, ?, ?, ?)
Hibernate: insert into person (id, date_of_birth, email, first_name, group_ref, last_name, password, website) values (default, ?, ?, ?, ?, ?, ?, ?)
Hibernate: insert into person (id, date_of_birth, email, first_name, group_ref, last_name, password, website) values (default, ?, ?, ?, ?, ?, ?, ?)
Hibernate: insert into person (id, date_of_birth, email, first_name, group_ref, last_name, password, website) values (default, ?, ?, ?, ?, ?, ?, ?)
Hibernate: insert into person (id, date_of_birth, email, first_name, group_ref, last_name, password, website) values (default, ?, ?, ?, ?, ?, ?, ?)
Hibernate: insert into person (id, date_of_birth, email, first_name, group_ref, last_name, password, website) values (default, ?, ?, ?, ?, ?, ?, ?)
Hibernate: insert into person (id, date_of_birth, email, first_name, group_ref, last_name, password, website) values (default, ?, ?, ?, ?, ?, ?, ?)
Hibernate: insert into person (id, date_of_birth, email, first_name, group_ref, last_name, password, website) values (default, ?, ?, ?, ?, ?, ?, ?)
Hibernate: insert into person (id, date_of_birth, email, first_name, group_ref, last_name, password, website) values (default, ?, ?, ?, ?, ?, ?, ?)
Hibernate: insert into person (id, date_of_birth, email, first_name, group_ref, last_name, password, website) values (default, ?, ?, ?, ?, ?, ?, ?)
Hibernate: insert into person (id, date_of_birth, email, first_name, group_ref, last_name, password, website) values (default, ?, ?, ?, ?, ?, ?, ?)
Hibernate: insert into person (id, date_of_birth, email, first_name, group_ref, last_name, password, website) values (default, ?, ?, ?, ?, ?, ?, ?)
Hibernate: insert into person (id, date_of_birth, email, first_name, group_ref, last_name, password, website) values (default, ?, ?, ?, ?, ?, ?, ?)
Hibernate: insert into person (id, date_of_birth, email, first_name, group_ref, last_name, password, website) values (default, ?, ?, ?, ?, ?, ?, ?)
Hibernate: insert into person (id, date_of_birth, email, first_name, group_ref, last_name, password, website) values (default, ?, ?, ?, ?, ?, ?, ?)
Hibernate: insert into person (id, date_of_birth, email, first_name, group_ref, last_name, password, website) values (default, ?, ?, ?, ?, ?, ?, ?)
Hibernate: insert into person (id, date_of_birth, email, first_name, group_ref, last_name, password, website) values (default, ?, ?, ?, ?, ?, ?, ?)
Hibernate: insert into person (id, date_of_birth, email, first_name, group_ref, last_name, password, website) values (default, ?, ?, ?, ?, ?, ?, ?)
Hibernate: insert into person (id, date_of_birth, email, first_name, group_ref, last_name, password, website) values (default, ?, ?, ?, ?, ?, ?, ?)
Hibernate: insert into person (id, date_of_birth, email, first_name, group_ref, last_name, password, website) values (default, ?, ?, ?, ?, ?, ?, ?)
Hibernate: insert into person (id, date_of_birth, email, first_name, group_ref, last_name, password, website) values (default, ?, ?, ?, ?, ?, ?, ?)
Hibernate: insert into person (id, date_of_birth, email, first_name, group_ref, last_name, password, website) values (default, ?, ?, ?, ?, ?, ?, ?)
Hibernate: insert into person (id, date_of_birth, email, first_name, group_ref, last_name, password, website) values (default, ?, ?, ?, ?, ?, ?, ?)
Hibernate: insert into person (id, date_of_birth, email, first_name, group_ref, last_name, password, website) values (default, ?, ?, ?, ?, ?, ?, ?)
Hibernate: insert into person (id, date_of_birth, email, first_name, group_ref, last_name, password, website) values (default, ?, ?, ?, ?, ?, ?, ?)
Hibernate: insert into person (id, date_of_birth, email, first_name, group_ref, last_name, password, website) values (default, ?, ?, ?, ?, ?, ?, ?)
Hibernate: insert into person (id, date_of_birth, email, first_name, group_ref, last_name, password, website) values (default, ?, ?, ?, ?, ?, ?, ?)
Hibernate: insert into person (id, date_of_birth, email, first_name, group_ref, last_name, password, website) values (default, ?, ?, ?, ?, ?, ?, ?)
Hibernate: insert into person (id, date_of_birth, email, first_name, group_ref, last_name, password, website) values (default, ?, ?, ?, ?, ?, ?, ?)
Hibernate: insert into person (id, date_of_birth, email, first_name, group_ref, last_name, password, website) values (default, ?, ?, ?, ?, ?, ?, ?)
Hibernate: insert into person (id, date_of_birth, email, first_name, group_ref, last_name, password, website) values (default, ?, ?, ?, ?, ?, ?, ?)
Hibernate: insert into person (id, date_of_birth, email, first_name, group_ref, last_name, password, website) values (default, ?, ?, ?, ?, ?, ?, ?)
Hibernate: insert into person (id, date_of_birth, email, first_name, group_ref, last_name, password, website) values (default, ?, ?, ?, ?, ?, ?, ?)
Hibernate: insert into person (id, date_of_birth, email, first_name, group_ref, last_name, password, website) values (default, ?, ?, ?, ?, ?, ?, ?)
Hibernate: insert into person (id, date_of_birth, email, first_name, group_ref, last_name, password, website) values (default, ?, ?, ?, ?, ?, ?, ?)
Hibernate: insert into person (id, date_of_birth, email, first_name, group_ref, last_name, password, website) values (default, ?, ?, ?, ?, ?, ?, ?)
Hibernate: insert into person (id, date_of_birth, email, first_name, group_ref, last_name, password, website) values (default, ?, ?, ?, ?, ?, ?, ?)
Hibernate: insert into person (id, date_of_birth, email, first_name, group_ref, last_name, password, website) values (default, ?, ?, ?, ?, ?, ?, ?)
Hibernate: insert into person (id, date_of_birth, email, first_name, group_ref, last_name, password, website) values (default, ?, ?, ?, ?, ?, ?, ?)
Hibernate: insert into person (id, date_of_birth, email, first_name, group_ref, last_name, password, website) values (default, ?, ?, ?, ?, ?, ?, ?)
Hibernate: insert into person (id, date_of_birth, email, first_name, group_ref, last_name, password, website) values (default, ?, ?, ?, ?, ?, ?, ?)
Hibernate: insert into person (id, date_of_birth, email, first_name, group_ref, last_name, password, website) values (default, ?, ?, ?, ?, ?, ?, ?)
Hibernate: insert into person (id, date_of_birth, email, first_name, group_ref, last_name, password, website) values (default, ?, ?, ?, ?, ?, ?, ?)
Hibernate: insert into person (id, date_of_birth, email, first_name, group_ref, last_name, password, website) values (default, ?, ?, ?, ?, ?, ?, ?)
Hibernate: insert into person (id, date_of_birth, email, first_name, group_ref, last_name, password, website) values (default, ?, ?, ?, ?, ?, ?, ?)
Hibernate: insert into person (id, date_of_birth, email, first_name, group_ref, last_name, password, website) values (default, ?, ?, ?, ?, ?, ?, ?)
Hibernate: insert into person (id, date_of_birth, email, first_name, group_ref, last_name, password, website) values (default, ?, ?, ?, ?, ?, ?, ?)
Hibernate: insert into person (id, date_of_birth, email, first_name, group_ref, last_name, password, website) values (default, ?, ?, ?, ?, ?, ?, ?)
Hibernate: insert into person (id, date_of_birth, email, first_name, group_ref, last_name, password, website) values (default, ?, ?, ?, ?, ?, ?, ?)
Hibernate: insert into person (id, date_of_birth, email, first_name, group_ref, last_name, password, website) values (default, ?, ?, ?, ?, ?, ?, ?)
Hibernate: insert into person (id, date_of_birth, email, first_name, group_ref, last_name, password, website) values (default, ?, ?, ?, ?, ?, ?, ?)
Hibernate: insert into person (id, date_of_birth, email, first_name, group_ref, last_name, password, website) values (default, ?, ?, ?, ?, ?, ?, ?)
Hibernate: insert into person (id, date_of_birth, email, first_name, group_ref, last_name, password, website) values (default, ?, ?, ?, ?, ?, ?, ?)
Hibernate: insert into person (id, date_of_birth, email, first_name, group_ref, last_name, password, website) values (default, ?, ?, ?, ?, ?, ?, ?)
Hibernate: insert into person (id, date_of_birth, email, first_name, group_ref, last_name, password, website) values (default, ?, ?, ?, ?, ?, ?, ?)
Hibernate: insert into person (id, date_of_birth, email, first_name, group_ref, last_name, password, website) values (default, ?, ?, ?, ?, ?, ?, ?)
Hibernate: insert into person (id, date_of_birth, email, first_name, group_ref, last_name, password, website) values (default, ?, ?, ?, ?, ?, ?, ?)
Hibernate: insert into person (id, date_of_birth, email, first_name, group_ref, last_name, password, website) values (default, ?, ?, ?, ?, ?, ?, ?)
Hibernate: insert into person (id, date_of_birth, email, first_name, group_ref, last_name, password, website) values (default, ?, ?, ?, ?, ?, ?, ?)
Hibernate: insert into person (id, date_of_birth, email, first_name, group_ref, last_name, password, website) values (default, ?, ?, ?, ?, ?, ?, ?)
Hibernate: insert into person (id, date_of_birth, email, first_name, group_ref, last_name, password, website) values (default, ?, ?, ?, ?, ?, ?, ?)
Hibernate: insert into person (id, date_of_birth, email, first_name, group_ref, last_name, password, website) values (default, ?, ?, ?, ?, ?, ?, ?)
Hibernate: insert into person (id, date_of_birth, email, first_name, group_ref, last_name, password, website) values (default, ?, ?, ?, ?, ?, ?, ?)
Hibernate: insert into person (id, date_of_birth, email, first_name, group_ref, last_name, password, website) values (default, ?, ?, ?, ?, ?, ?, ?)
Hibernate: insert into person (id, date_of_birth, email, first_name, group_ref, last_name, password, website) values (default, ?, ?, ?, ?, ?, ?, ?)
Hibernate: insert into person (id, date_of_birth, email, first_name, group_ref, last_name, password, website) values (default, ?, ?, ?, ?, ?, ?, ?)
Hibernate: insert into person (id, date_of_birth, email, first_name, group_ref, last_name, password, website) values (default, ?, ?, ?, ?, ?, ?, ?)
Hibernate: insert into person (id, date_of_birth, email, first_name, group_ref, last_name, password, website) values (default, ?, ?, ?, ?, ?, ?, ?)
Hibernate: insert into person (id, date_of_birth, email, first_name, group_ref, last_name, password, website) values (default, ?, ?, ?, ?, ?, ?, ?)
Hibernate: insert into person (id, date_of_birth, email, first_name, group_ref, last_name, password, website) values (default, ?, ?, ?, ?, ?, ?, ?)
Hibernate: insert into person (id, date_of_birth, email, first_name, group_ref, last_name, password, website) values (default, ?, ?, ?, ?, ?, ?, ?)
Hibernate: insert into person (id, date_of_birth, email, first_name, group_ref, last_name, password, website) values (default, ?, ?, ?, ?, ?, ?, ?)
Hibernate: insert into person (id, date_of_birth, email, first_name, group_ref, last_name, password, website) values (default, ?, ?, ?, ?, ?, ?, ?)
Hibernate: insert into person (id, date_of_birth, email, first_name, group_ref, last_name, password, website) values (default, ?, ?, ?, ?, ?, ?, ?)
Hibernate: insert into person (id, date_of_birth, email, first_name, group_ref, last_name, password, website) values (default, ?, ?, ?, ?, ?, ?, ?)
Hibernate: insert into person (id, date_of_birth, email, first_name, group_ref, last_name, password, website) values (default, ?, ?, ?, ?, ?, ?, ?)
Hibernate: insert into person (id, date_of_birth, email, first_name, group_ref, last_name, password, website) values (default, ?, ?, ?, ?, ?, ?, ?)
Hibernate: insert into person (id, date_of_birth, email, first_name, group_ref, last_name, password, website) values (default, ?, ?, ?, ?, ?, ?, ?)
Hibernate: insert into person (id, date_of_birth, email, first_name, group_ref, last_name, password, website) values (default, ?, ?, ?, ?, ?, ?, ?)
Hibernate: insert into person (id, date_of_birth, email, first_name, group_ref, last_name, password, website) values (default, ?, ?, ?, ?, ?, ?, ?)
Hibernate: insert into person (id, date_of_birth, email, first_name, group_ref, last_name, password, website) values (default, ?, ?, ?, ?, ?, ?, ?)
Hibernate: insert into person (id, date_of_birth, email, first_name, group_ref, last_name, password, website) values (default, ?, ?, ?, ?, ?, ?, ?)
Hibernate: insert into person (id, date_of_birth, email, first_name, group_ref, last_name, password, website) values (default, ?, ?, ?, ?, ?, ?, ?)
Hibernate: insert into person (id, date_of_birth, email, first_name, group_ref, last_name, password, website) values (default, ?, ?, ?, ?, ?, ?, ?)
Hibernate: insert into person (id, date_of_birth, email, first_name, group_ref, last_name, password, website) values (default, ?, ?, ?, ?, ?, ?, ?)
Hibernate: insert into person (id, date_of_birth, email, first_name, group_ref, last_name, password, website) values (default, ?, ?, ?, ?, ?, ?, ?)
Hibernate: insert into person (id, date_of_birth, email, first_name, group_ref, last_name, password, website) values (default, ?, ?, ?, ?, ?, ?, ?)
Hibernate: insert into person (id, date_of_birth, email, first_name, group_ref, last_name, password, website) values (default, ?, ?, ?, ?, ?, ?, ?)
Hibernate: insert into person (id, date_of_birth, email, first_name, group_ref, last_name, password, website) values (default, ?, ?, ?, ?, ?, ?, ?)
Hibernate: insert into person (id, date_of_birth, email, first_name, group_ref, last_name, password, website) values (default, ?, ?, ?, ?, ?, ?, ?)
Hibernate: insert into person (id, date_of_birth, email, first_name, group_ref, last_name, password, website) values (default, ?, ?, ?, ?, ?, ?, ?)
Hibernate: insert into person (id, date_of_birth, email, first_name, group_ref, last_name, password, website) values (default, ?, ?, ?, ?, ?, ?, ?)
Hibernate: insert into person (id, date_of_birth, email, first_name, group_ref, last_name, password, website) values (default, ?, ?, ?, ?, ?, ?, ?)
Hibernate: insert into person (id, date_of_birth, email, first_name, group_ref, last_name, password, website) values (default, ?, ?, ?, ?, ?, ?, ?)
Hibernate: insert into person (id, date_of_birth, email, first_name, group_ref, last_name, password, website) values (default, ?, ?, ?, ?, ?, ?, ?)
Hibernate: insert into person (id, date_of_birth, email, first_name, group_ref, last_name, password, website) values (default, ?, ?, ?, ?, ?, ?, ?)
Hibernate: insert into person (id, date_of_birth, email, first_name, group_ref, last_name, password, website) values (default, ?, ?, ?, ?, ?, ?, ?)
Hibernate: insert into person (id, date_of_birth, email, first_name, group_ref, last_name, password, website) values (default, ?, ?, ?, ?, ?, ?, ?)
Hibernate: insert into person (id, date_of_birth, email, first_name, group_ref, last_name, password, website) values (default, ?, ?, ?, ?, ?, ?, ?)
Hibernate: insert into person (id, date_of_birth, email, first_name, group_ref, last_name, password, website) values (default, ?, ?, ?, ?, ?, ?, ?)
Hibernate: insert into person (id, date_of_birth, email, first_name, group_ref, last_name, password, website) values (default, ?, ?, ?, ?, ?, ?, ?)
Hibernate: insert into person (id, date_of_birth, email, first_name, group_ref, last_name, password, website) values (default, ?, ?, ?, ?, ?, ?, ?)
Hibernate: insert into person (id, date_of_birth, email, first_name, group_ref, last_name, password, website) values (default, ?, ?, ?, ?, ?, ?, ?)
Hibernate: insert into person (id, date_of_birth, email, first_name, group_ref, last_name, password, website) values (default, ?, ?, ?, ?, ?, ?, ?)
Hibernate: insert into person (id, date_of_birth, email, first_name, group_ref, last_name, password, website) values (default, ?, ?, ?, ?, ?, ?, ?)
Hibernate: insert into person (id, date_of_birth, email, first_name, group_ref, last_name, password, website) values (default, ?, ?, ?, ?, ?, ?, ?)
Hibernate: insert into person (id, date_of_birth, email, first_name, group_ref, last_name, password, website) values (default, ?, ?, ?, ?, ?, ?, ?)
Hibernate: insert into person (id, date_of_birth, email, first_name, group_ref, last_name, password, website) values (default, ?, ?, ?, ?, ?, ?, ?)
Hibernate: insert into person (id, date_of_birth, email, first_name, group_ref, last_name, password, website) values (default, ?, ?, ?, ?, ?, ?, ?)
Hibernate: insert into person (id, date_of_birth, email, first_name, group_ref, last_name, password, website) values (default, ?, ?, ?, ?, ?, ?, ?)
Hibernate: insert into person (id, date_of_birth, email, first_name, group_ref, last_name, password, website) values (default, ?, ?, ?, ?, ?, ?, ?)
Hibernate: insert into person (id, date_of_birth, email, first_name, group_ref, last_name, password, website) values (default, ?, ?, ?, ?, ?, ?, ?)
Hibernate: insert into person (id, date_of_birth, email, first_name, group_ref, last_name, password, website) values (default, ?, ?, ?, ?, ?, ?, ?)
Hibernate: insert into person (id, date_of_birth, email, first_name, group_ref, last_name, password, website) values (default, ?, ?, ?, ?, ?, ?, ?)
Hibernate: insert into person (id, date_of_birth, email, first_name, group_ref, last_name, password, website) values (default, ?, ?, ?, ?, ?, ?, ?)
Hibernate: insert into person (id, date_of_birth, email, first_name, group_ref, last_name, password, website) values (default, ?, ?, ?, ?, ?, ?, ?)
Hibernate: insert into person (id, date_of_birth, email, first_name, group_ref, last_name, password, website) values (default, ?, ?, ?, ?, ?, ?, ?)
Hibernate: insert into person (id, date_of_birth, email, first_name, group_ref, last_name, password, website) values (default, ?, ?, ?, ?, ?, ?, ?)
[...]
Hibernate: insert into person (id, date_of_birth, email, first_name, group_ref, last_name, password, website) values (default, ?, ?, ?, ?, ?, ?, ?)
Hibernate: insert into person (id, date_of_birth, email, first_name, group_ref, last_name, password, website) values (default, ?, ?, ?, ?, ?, ?, ?)
Hibernate: insert into person (id, date_of_birth, email, first_name, group_ref, last_name, password, website) values (default, ?, ?, ?, ?, ?, ?, ?)
Hibernate: insert into person (id, date_of_birth, email, first_name, group_ref, last_name, password, website) values (default, ?, ?, ?, ?, ?, ?, ?)
Hibernate: insert into person (id, date_of_birth, email, first_name, group_ref, last_name, password, website) values (default, ?, ?, ?, ?, ?, ?, ?)
Hibernate: insert into person (id, date_of_birth, email, first_name, group_ref, last_name, password, website) values (default, ?, ?, ?, ?, ?, ?, ?)
Hibernate: insert into person (id, date_of_birth, email, first_name, group_ref, last_name, password, website) values (default, ?, ?, ?, ?, ?, ?, ?)
Hibernate: insert into person (id, date_of_birth, email, first_name, group_ref, last_name, password, website) values (default, ?, ?, ?, ?, ?, ?, ?)
Hibernate: insert into person (id, date_of_birth, email, first_name, group_ref, last_name, password, website) values (default, ?, ?, ?, ?, ?, ?, ?)
Hibernate: insert into person (id, date_of_birth, email, first_name, group_ref, last_name, password, website) values (default, ?, ?, ?, ?, ?, ?, ?)
Hibernate: insert into person (id, date_of_birth, email, first_name, group_ref, last_name, password, website) values (default, ?, ?, ?, ?, ?, ?, ?)
Hibernate: insert into person (id, date_of_birth, email, first_name, group_ref, last_name, password, website) values (default, ?, ?, ?, ?, ?, ?, ?)
Hibernate: insert into person (id, date_of_birth, email, first_name, group_ref, last_name, password, website) values (default, ?, ?, ?, ?, ?, ?, ?)
Hibernate: insert into person (id, date_of_birth, email, first_name, group_ref, last_name, password, website) values (default, ?, ?, ?, ?, ?, ?, ?)
Hibernate: insert into person (id, date_of_birth, email, first_name, group_ref, last_name, password, website) values (default, ?, ?, ?, ?, ?, ?, ?)
Hibernate: insert into person (id, date_of_birth, email, first_name, group_ref, last_name, password, website) values (default, ?, ?, ?, ?, ?, ?, ?)
Hibernate: insert into person (id, date_of_birth, email, first_name, group_ref, last_name, password, website) values (default, ?, ?, ?, ?, ?, ?, ?)
Hibernate: insert into person (id, date_of_birth, email, first_name, group_ref, last_name, password, website) values (default, ?, ?, ?, ?, ?, ?, ?)
Hibernate: insert into person (id, date_of_birth, email, first_name, group_ref, last_name, password, website) values (default, ?, ?, ?, ?, ?, ?, ?)
Hibernate: insert into person (id, date_of_birth, email, first_name, group_ref, last_name, password, website) values (default, ?, ?, ?, ?, ?, ?, ?)
Hibernate: insert into person (id, date_of_birth, email, first_name, group_ref, last_name, password, website) values (default, ?, ?, ?, ?, ?, ?, ?)
Hibernate: insert into person (id, date_of_birth, email, first_name, group_ref, last_name, password, website) values (default, ?, ?, ?, ?, ?, ?, ?)
Hibernate: insert into person (id, date_of_birth, email, first_name, group_ref, last_name, password, website) values (default, ?, ?, ?, ?, ?, ?, ?)
Hibernate: insert into person (id, date_of_birth, email, first_name, group_ref, last_name, password, website) values (default, ?, ?, ?, ?, ?, ?, ?)
Hibernate: insert into person (id, date_of_birth, email, first_name, group_ref, last_name, password, website) values (default, ?, ?, ?, ?, ?, ?, ?)
Hibernate: insert into person (id, date_of_birth, email, first_name, group_ref, last_name, password, website) values (default, ?, ?, ?, ?, ?, ?, ?)
Hibernate: insert into person (id, date_of_birth, email, first_name, group_ref, last_name, password, website) values (default, ?, ?, ?, ?, ?, ?, ?)
Hibernate: insert into person (id, date_of_birth, email, first_name, group_ref, last_name, password, website) values (default, ?, ?, ?, ?, ?, ?, ?)
Hibernate: insert into person (id, date_of_birth, email, first_name, group_ref, last_name, password, website) values (default, ?, ?, ?, ?, ?, ?, ?)
Hibernate: insert into person (id, date_of_birth, email, first_name, group_ref, last_name, password, website) values (default, ?, ?, ?, ?, ?, ?, ?)
Hibernate: insert into person (id, date_of_birth, email, first_name, group_ref, last_name, password, website) values (default, ?, ?, ?, ?, ?, ?, ?)
Hibernate: insert into person (id, date_of_birth, email, first_name, group_ref, last_name, password, website) values (default, ?, ?, ?, ?, ?, ?, ?)
Hibernate: insert into person (id, date_of_birth, email, first_name, group_ref, last_name, password, website) values (default, ?, ?, ?, ?, ?, ?, ?)
Hibernate: insert into person (id, date_of_birth, email, first_name, group_ref, last_name, password, website) values (default, ?, ?, ?, ?, ?, ?, ?)
Hibernate: insert into person (id, date_of_birth, email, first_name, group_ref, last_name, password, website) values (default, ?, ?, ?, ?, ?, ?, ?)
Hibernate: insert into person (id, date_of_birth, email, first_name, group_ref, last_name, password, website) values (default, ?, ?, ?, ?, ?, ?, ?)
Hibernate: insert into person (id, date_of_birth, email, first_name, group_ref, last_name, password, website) values (default, ?, ?, ?, ?, ?, ?, ?)
Hibernate: insert into person (id, date_of_birth, email, first_name, group_ref, last_name, password, website) values (default, ?, ?, ?, ?, ?, ?, ?)
Hibernate: insert into person (id, date_of_birth, email, first_name, group_ref, last_name, password, website) values (default, ?, ?, ?, ?, ?, ?, ?)
Hibernate: insert into person (id, date_of_birth, email, first_name, group_ref, last_name, password, website) values (default, ?, ?, ?, ?, ?, ?, ?)
Hibernate: insert into person (id, date_of_birth, email, first_name, group_ref, last_name, password, website) values (default, ?, ?, ?, ?, ?, ?, ?)
Hibernate: insert into person (id, date_of_birth, email, first_name, group_ref, last_name, password, website) values (default, ?, ?, ?, ?, ?, ?, ?)
Hibernate: insert into person (id, date_of_birth, email, first_name, group_ref, last_name, password, website) values (default, ?, ?, ?, ?, ?, ?, ?)
Hibernate: insert into person (id, date_of_birth, email, first_name, group_ref, last_name, password, website) values (default, ?, ?, ?, ?, ?, ?, ?)
Hibernate: insert into person (id, date_of_birth, email, first_name, group_ref, last_name, password, website) values (default, ?, ?, ?, ?, ?, ?, ?)
Hibernate: insert into person (id, date_of_birth, email, first_name, group_ref, last_name, password, website) values (default, ?, ?, ?, ?, ?, ?, ?)
Hibernate: insert into person (id, date_of_birth, email, first_name, group_ref, last_name, password, website) values (default, ?, ?, ?, ?, ?, ?, ?)
Hibernate: insert into person (id, date_of_birth, email, first_name, group_ref, last_name, password, website) values (default, ?, ?, ?, ?, ?, ?, ?)
Hibernate: insert into person (id, date_of_birth, email, first_name, group_ref, last_name, password, website) values (default, ?, ?, ?, ?, ?, ?, ?)
Hibernate: insert into person (id, date_of_birth, email, first_name, group_ref, last_name, password, website) values (default, ?, ?, ?, ?, ?, ?, ?)
Hibernate: insert into person (id, date_of_birth, email, first_name, group_ref, last_name, password, website) values (default, ?, ?, ?, ?, ?, ?, ?)
Hibernate: insert into person (id, date_of_birth, email, first_name, group_ref, last_name, password, website) values (default, ?, ?, ?, ?, ?, ?, ?)
Hibernate: insert into person (id, date_of_birth, email, first_name, group_ref, last_name, password, website) values (default, ?, ?, ?, ?, ?, ?, ?)
Hibernate: insert into person (id, date_of_birth, email, first_name, group_ref, last_name, password, website) values (default, ?, ?, ?, ?, ?, ?, ?)
Hibernate: insert into person (id, date_of_birth, email, first_name, group_ref, last_name, password, website) values (default, ?, ?, ?, ?, ?, ?, ?)
Hibernate: insert into person (id, date_of_birth, email, first_name, group_ref, last_name, password, website) values (default, ?, ?, ?, ?, ?, ?, ?)
Hibernate: insert into person (id, date_of_birth, email, first_name, group_ref, last_name, password, website) values (default, ?, ?, ?, ?, ?, ?, ?)
Hibernate: insert into person (id, date_of_birth, email, first_name, group_ref, last_name, password, website) values (default, ?, ?, ?, ?, ?, ?, ?)
Hibernate: insert into person (id, date_of_birth, email, first_name, group_ref, last_name, password, website) values (default, ?, ?, ?, ?, ?, ?, ?)
Hibernate: insert into person (id, date_of_birth, email, first_name, group_ref, last_name, password, website) values (default, ?, ?, ?, ?, ?, ?, ?)
Hibernate: insert into person (id, date_of_birth, email, first_name, group_ref, last_name, password, website) values (default, ?, ?, ?, ?, ?, ?, ?)
Hibernate: insert into person (id, date_of_birth, email, first_name, group_ref, last_name, password, website) values (default, ?, ?, ?, ?, ?, ?, ?)
Hibernate: insert into person (id, date_of_birth, email, first_name, group_ref, last_name, password, website) values (default, ?, ?, ?, ?, ?, ?, ?)
Hibernate: insert into person (id, date_of_birth, email, first_name, group_ref, last_name, password, website) values (default, ?, ?, ?, ?, ?, ?, ?)
Hibernate: insert into person (id, date_of_birth, email, first_name, group_ref, last_name, password, website) values (default, ?, ?, ?, ?, ?, ?, ?)
Hibernate: insert into person (id, date_of_birth, email, first_name, group_ref, last_name, password, website) values (default, ?, ?, ?, ?, ?, ?, ?)
Hibernate: insert into person (id, date_of_birth, email, first_name, group_ref, last_name, password, website) values (default, ?, ?, ?, ?, ?, ?, ?)
Hibernate: insert into person (id, date_of_birth, email, first_name, group_ref, last_name, password, website) values (default, ?, ?, ?, ?, ?, ?, ?)
Hibernate: insert into person (id, date_of_birth, email, first_name, group_ref, last_name, password, website) values (default, ?, ?, ?, ?, ?, ?, ?)
Hibernate: insert into person (id, date_of_birth, email, first_name, group_ref, last_name, password, website) values (default, ?, ?, ?, ?, ?, ?, ?)
Hibernate: insert into person (id, date_of_birth, email, first_name, group_ref, last_name, password, website) values (default, ?, ?, ?, ?, ?, ?, ?)
Hibernate: insert into person (id, date_of_birth, email, first_name, group_ref, last_name, password, website) values (default, ?, ?, ?, ?, ?, ?, ?)
Hibernate: insert into person (id, date_of_birth, email, first_name, group_ref, last_name, password, website) values (default, ?, ?, ?, ?, ?, ?, ?)
Hibernate: insert into person (id, date_of_birth, email, first_name, group_ref, last_name, password, website) values (default, ?, ?, ?, ?, ?, ?, ?)
Hibernate: insert into person (id, date_of_birth, email, first_name, group_ref, last_name, password, website) values (default, ?, ?, ?, ?, ?, ?, ?)
Hibernate: insert into person (id, date_of_birth, email, first_name, group_ref, last_name, password, website) values (default, ?, ?, ?, ?, ?, ?, ?)
Hibernate: insert into person (id, date_of_birth, email, first_name, group_ref, last_name, password, website) values (default, ?, ?, ?, ?, ?, ?, ?)
Hibernate: insert into person (id, date_of_birth, email, first_name, group_ref, last_name, password, website) values (default, ?, ?, ?, ?, ?, ?, ?)
Hibernate: insert into person (id, date_of_birth, email, first_name, group_ref, last_name, password, website) values (default, ?, ?, ?, ?, ?, ?, ?)
Hibernate: insert into person (id, date_of_birth, email, first_name, group_ref, last_name, password, website) values (default, ?, ?, ?, ?, ?, ?, ?)
Hibernate: insert into person (id, date_of_birth, email, first_name, group_ref, last_name, password, website) values (default, ?, ?, ?, ?, ?, ?, ?)
Hibernate: insert into person (id, date_of_birth, email, first_name, group_ref, last_name, password, website) values (default, ?, ?, ?, ?, ?, ?, ?)
Hibernate: insert into person (id, date_of_birth, email, first_name, group_ref, last_name, password, website) values (default, ?, ?, ?, ?, ?, ?, ?)
Hibernate: insert into person (id, date_of_birth, email, first_name, group_ref, last_name, password, website) values (default, ?, ?, ?, ?, ?, ?, ?)
Hibernate: insert into person (id, date_of_birth, email, first_name, group_ref, last_name, password, website) values (default, ?, ?, ?, ?, ?, ?, ?)
Hibernate: insert into person (id, date_of_birth, email, first_name, group_ref, last_name, password, website) values (default, ?, ?, ?, ?, ?, ?, ?)
Hibernate: insert into person (id, date_of_birth, email, first_name, group_ref, last_name, password, website) values (default, ?, ?, ?, ?, ?, ?, ?)
Hibernate: insert into person (id, date_of_birth, email, first_name, group_ref, last_name, password, website) values (default, ?, ?, ?, ?, ?, ?, ?)
Hibernate: insert into person (id, date_of_birth, email, first_name, group_ref, last_name, password, website) values (default, ?, ?, ?, ?, ?, ?, ?)
Hibernate: insert into person (id, date_of_birth, email, first_name, group_ref, last_name, password, website) values (default, ?, ?, ?, ?, ?, ?, ?)
Hibernate: insert into person (id, date_of_birth, email, first_name, group_ref, last_name, password, website) values (default, ?, ?, ?, ?, ?, ?, ?)
Hibernate: insert into person (id, date_of_birth, email, first_name, group_ref, last_name, password, website) values (default, ?, ?, ?, ?, ?, ?, ?)
Hibernate: insert into person (id, date_of_birth, email, first_name, group_ref, last_name, password, website) values (default, ?, ?, ?, ?, ?, ?, ?)
Hibernate: insert into person (id, date_of_birth, email, first_name, group_ref, last_name, password, website) values (default, ?, ?, ?, ?, ?, ?, ?)
Hibernate: insert into person (id, date_of_birth, email, first_name, group_ref, last_name, password, website) values (default, ?, ?, ?, ?, ?, ?, ?)
Hibernate: insert into person (id, date_of_birth, email, first_name, group_ref, last_name, password, website) values (default, ?, ?, ?, ?, ?, ?, ?)
Hibernate: insert into person (id, date_of_birth, email, first_name, group_ref, last_name, password, website) values (default, ?, ?, ?, ?, ?, ?, ?)
Hibernate: insert into person (id, date_of_birth, email, first_name, group_ref, last_name, password, website) values (default, ?, ?, ?, ?, ?, ?, ?)
Hibernate: insert into person (id, date_of_birth, email, first_name, group_ref, last_name, password, website) values (default, ?, ?, ?, ?, ?, ?, ?)
Hibernate: insert into person (id, date_of_birth, email, first_name, group_ref, last_name, password, website) values (default, ?, ?, ?, ?, ?, ?, ?)
Hibernate: insert into person (id, date_of_birth, email, first_name, group_ref, last_name, password, website) values (default, ?, ?, ?, ?, ?, ?, ?)
Hibernate: insert into person (id, date_of_birth, email, first_name, group_ref, last_name, password, website) values (default, ?, ?, ?, ?, ?, ?, ?)
Hibernate: insert into person (id, date_of_birth, email, first_name, group_ref, last_name, password, website) values (default, ?, ?, ?, ?, ?, ?, ?)
Hibernate: insert into person (id, date_of_birth, email, first_name, group_ref, last_name, password, website) values (default, ?, ?, ?, ?, ?, ?, ?)
Hibernate: insert into person (id, date_of_birth, email, first_name, group_ref, last_name, password, website) values (default, ?, ?, ?, ?, ?, ?, ?)
Hibernate: insert into person (id, date_of_birth, email, first_name, group_ref, last_name, password, website) values (default, ?, ?, ?, ?, ?, ?, ?)
Hibernate: insert into person (id, date_of_birth, email, first_name, group_ref, last_name, password, website) values (default, ?, ?, ?, ?, ?, ?, ?)
Hibernate: insert into person (id, date_of_birth, email, first_name, group_ref, last_name, password, website) values (default, ?, ?, ?, ?, ?, ?, ?)
Hibernate: insert into person (id, date_of_birth, email, first_name, group_ref, last_name, password, website) values (default, ?, ?, ?, ?, ?, ?, ?)
Hibernate: insert into person (id, date_of_birth, email, first_name, group_ref, last_name, password, website) values (default, ?, ?, ?, ?, ?, ?, ?)
Hibernate: insert into person (id, date_of_birth, email, first_name, group_ref, last_name, password, website) values (default, ?, ?, ?, ?, ?, ?, ?)
Hibernate: insert into person (id, date_of_birth, email, first_name, group_ref, last_name, password, website) values (default, ?, ?, ?, ?, ?, ?, ?)
Hibernate: insert into person (id, date_of_birth, email, first_name, group_ref, last_name, password, website) values (default, ?, ?, ?, ?, ?, ?, ?)
Hibernate: insert into person (id, date_of_birth, email, first_name, group_ref, last_name, password, website) values (default, ?, ?, ?, ?, ?, ?, ?)
Hibernate: insert into person (id, date_of_birth, email, first_name, group_ref, last_name, password, website) values (default, ?, ?, ?, ?, ?, ?, ?)
Hibernate: insert into person (id, date_of_birth, email, first_name, group_ref, last_name, password, website) values (default, ?, ?, ?, ?, ?, ?, ?)
Hibernate: insert into person (id, date_of_birth, email, first_name, group_ref, last_name, password, website) values (default, ?, ?, ?, ?, ?, ?, ?)
Hibernate: insert into person (id, date_of_birth, email, first_name, group_ref, last_name, password, website) values (default, ?, ?, ?, ?, ?, ?, ?)
Hibernate: insert into person (id, date_of_birth, email, first_name, group_ref, last_name, password, website) values (default, ?, ?, ?, ?, ?, ?, ?)
Hibernate: insert into person (id, date_of_birth, email, first_name, group_ref, last_name, password, website) values (default, ?, ?, ?, ?, ?, ?, ?)
Hibernate: insert into person (id, date_of_birth, email, first_name, group_ref, last_name, password, website) values (default, ?, ?, ?, ?, ?, ?, ?)
Hibernate: insert into person (id, date_of_birth, email, first_name, group_ref, last_name, password, website) values (default, ?, ?, ?, ?, ?, ?, ?)
Hibernate: insert into person (id, date_of_birth, email, first_name, group_ref, last_name, password, website) values (default, ?, ?, ?, ?, ?, ?, ?)
Hibernate: insert into person (id, date_of_birth, email, first_name, group_ref, last_name, password, website) values (default, ?, ?, ?, ?, ?, ?, ?)
Hibernate: insert into person (id, date_of_birth, email, first_name, group_ref, last_name, password, website) values (default, ?, ?, ?, ?, ?, ?, ?)
Hibernate: insert into person (id, date_of_birth, email, first_name, group_ref, last_name, password, website) values (default, ?, ?, ?, ?, ?, ?, ?)
Hibernate: insert into person (id, date_of_birth, email, first_name, group_ref, last_name, password, website) values (default, ?, ?, ?, ?, ?, ?, ?)
Hibernate: insert into person (id, date_of_birth, email, first_name, group_ref, last_name, password, website) values (default, ?, ?, ?, ?, ?, ?, ?)
Hibernate: insert into person (id, date_of_birth, email, first_name, group_ref, last_name, password, website) values (default, ?, ?, ?, ?, ?, ?, ?)
Hibernate: insert into person (id, date_of_birth, email, first_name, group_ref, last_name, password, website) values (default, ?, ?, ?, ?, ?, ?, ?)
Hibernate: insert into person (id, date_of_birth, email, first_name, group_ref, last_name, password, website) values (default, ?, ?, ?, ?, ?, ?, ?)
Hibernate: insert into person (id, date_of_birth, email, first_name, group_ref, last_name, password, website) values (default, ?, ?, ?, ?, ?, ?, ?)
Hibernate: insert into person (id, date_of_birth, email, first_name, group_ref, last_name, password, website) values (default, ?, ?, ?, ?, ?, ?, ?)
Hibernate: insert into person (id, date_of_birth, email, first_name, group_ref, last_name, password, website) values (default, ?, ?, ?, ?, ?, ?, ?)
pamelia.spencer@yahoo.com
9ase3f6xea9
]]></system-out>
  </testcase>
</testsuite>